[2020-11-23 21:11:34][info] 数据库连接成功
[2020-11-23 21:11:34][info] service创建成功
[2020-11-23 21:11:34][info] 程序成功启动
[2020-11-23 21:11:37][info] 用户[1]登录成功
[2020-11-23 21:12:22][info] 数据库连接成功
[2020-11-23 21:12:22][info] service创建成功
[2020-11-23 21:12:22][info] 程序成功启动
[2020-11-23 21:12:25][info] 用户[1]登录成功
[2020-11-23 21:19:28][info] 数据库连接成功
[2020-11-23 21:19:28][info] service创建成功
[2020-11-23 21:19:28][info] 程序成功启动
[2020-11-23 21:19:39][info] 用户[1]登录成功
[2020-11-23 21:20:20][info] 数据库连接成功
[2020-11-23 21:20:20][info] service创建成功
[2020-11-23 21:20:20][info] 程序成功启动
[2020-11-23 21:20:27][info] 用户[1]登录成功
[2020-11-23 21:22:00][info] 数据库连接成功
[2020-11-23 21:22:00][info] service创建成功
[2020-11-23 21:22:00][info] 程序成功启动
[2020-11-23 21:22:04][info] 用户[1]登录成功
[2020-11-23 21:24:27][info] 数据库连接成功
[2020-11-23 21:24:28][info] service创建成功
[2020-11-23 21:24:28][info] 程序成功启动
[2020-11-23 21:24:30][info] 用户[1]登录成功
[2020-11-23 21:25:51][info] 数据库连接成功
[2020-11-23 21:25:51][info] service创建成功
[2020-11-23 21:25:51][info] 程序成功启动
[2020-11-23 21:25:54][info] 用户[1]登录成功
[2020-11-23 21:26:15][info] 数据库连接成功
[2020-11-23 21:26:15][info] service创建成功
[2020-11-23 21:26:15][info] 程序成功启动
[2020-11-23 21:26:18][info] 用户[1]登录成功
[2020-11-23 21:26:52][info] 数据库连接成功
[2020-11-23 21:26:52][info] service创建成功
[2020-11-23 21:26:52][info] 程序成功启动
[2020-11-23 21:26:54][info] 用户[1]登录成功
[2020-11-23 21:29:14][info] 数据库连接成功
[2020-11-23 21:29:14][info] service创建成功
[2020-11-23 21:29:14][info] 程序成功启动
[2020-11-23 21:29:16][info] 用户[1]登录成功
[2020-11-23 21:31:32][info] 数据库连接成功
[2020-11-23 21:31:32][info] service创建成功
[2020-11-23 21:31:32][info] 程序成功启动
[2020-11-23 21:31:35][info] 用户[1]登录成功
[2020-11-23 21:32:10][info] 数据库连接成功
[2020-11-23 21:32:10][info] service创建成功
[2020-11-23 21:32:10][info] 程序成功启动
[2020-11-23 21:32:12][info] 用户[1]登录成功
[2020-11-23 21:33:39][info] 数据库连接成功
[2020-11-23 21:33:39][info] service创建成功
[2020-11-23 21:33:39][info] 程序成功启动
[2020-11-23 21:33:43][info] 用户[1]登录成功
[2020-11-23 21:34:04][info] 数据库连接成功
[2020-11-23 21:34:04][info] service创建成功
[2020-11-23 21:34:04][info] 程序成功启动
[2020-11-23 21:34:07][info] 用户[1]登录成功
[2020-11-23 21:34:20][info] 成绩上传成功
[2020-11-23 21:34:20][info] 切断数据库连接
[2020-11-23 21:34:20][info] 程序成功关闭
[2020-11-23 21:35:05][info] 数据库连接成功
[2020-11-23 21:35:05][info] service创建成功
[2020-11-23 21:35:05][info] 程序成功启动
[2020-11-23 21:35:07][info] 用户[1]登录成功
[2020-11-23 21:35:33][info] 数据库连接成功
[2020-11-23 21:35:33][info] service创建成功
[2020-11-23 21:35:33][info] 程序成功启动
[2020-11-23 21:35:39][info] 用户[1]登录成功
[2020-11-23 21:35:47][info] 成绩上传成功
[2020-11-23 21:35:47][info] 切断数据库连接
[2020-11-23 21:35:47][info] 程序成功关闭
[2020-11-23 21:35:58][info] 数据库连接成功
[2020-11-23 21:35:58][info] service创建成功
[2020-11-23 21:35:58][info] 程序成功启动
[2020-11-23 21:36:16][info] 用户[1]登录成功
[2020-11-23 21:39:10][info] 数据库连接成功
[2020-11-23 21:39:10][info] service创建成功
[2020-11-23 21:39:10][info] 程序成功启动
[2020-11-23 21:39:14][info] 用户[1]登录成功
[2020-11-23 21:40:35][info] 数据库连接成功
[2020-11-23 21:40:35][info] service创建成功
[2020-11-23 21:40:35][info] 程序成功启动
[2020-11-23 21:40:37][info] 用户[1]登录成功
[2020-11-23 21:45:36][info] 数据库连接成功
[2020-11-23 21:45:36][info] service创建成功
[2020-11-23 21:45:36][info] 程序成功启动
[2020-11-23 21:45:38][info] 用户[1]登录成功
[2020-11-23 21:46:35][info] 数据库连接成功
[2020-11-23 21:46:35][info] service创建成功
[2020-11-23 21:46:35][info] 程序成功启动
[2020-11-23 21:46:38][info] 用户[1]登录成功
[2020-11-23 21:56:44][info] 数据库连接成功
[2020-11-23 21:56:44][info] service创建成功
[2020-11-23 21:56:44][info] 程序成功启动
[2020-11-23 21:56:47][info] 用户[1]登录成功
[2020-11-23 21:57:10][info] 数据库连接成功
[2020-11-23 21:57:10][info] service创建成功
[2020-11-23 21:57:10][info] 程序成功启动
[2020-11-23 21:57:12][info] 用户[1]登录成功
[2020-11-23 21:57:22][info] 用户[1]成绩上传成功
[2020-11-23 21:57:22][info] 用户[1]登出成功
[2020-11-23 21:57:30][info] 用户[admin]登录成功
[2020-11-23 22:00:32][info] 用户[admin]成绩上传成功
[2020-11-23 22:00:32][info] 切断数据库连接
[2020-11-23 22:00:32][info] 程序成功关闭
[2020-11-23 22:01:17][info] 数据库连接成功
[2020-11-23 22:01:17][info] service创建成功
[2020-11-23 22:01:17][info] 程序成功启动
[2020-11-23 22:01:20][info] 用户[1]登录成功
[2020-11-23 22:01:33][info] 用户[1]成绩上传成功
[2020-11-23 22:01:33][info] 用户[1]登出成功
[2020-11-23 22:01:40][info] 用户[admin]登录成功
[2020-11-23 22:01:47][info] 用户[admin]成绩上传成功
[2020-11-23 22:01:47][info] 切断数据库连接
[2020-11-23 22:01:47][info] 程序成功关闭
[2020-11-23 22:51:02][info] 数据库连接成功
[2020-11-23 22:51:02][info] service创建成功
[2020-11-23 22:51:02][info] 程序成功启动
[2020-11-23 22:51:05][info] 用户[1]登录成功
[2020-11-23 22:51:16][info] 用户[1]成绩上传成功
[2020-11-23 22:51:16][info] 用户[1]登出成功
[2020-11-23 22:51:16][info] 切断数据库连接
[2020-11-23 22:51:16][info] 程序成功关闭
[2020-11-23 22:55:47][info] 数据库连接成功
[2020-11-23 22:55:47][info] service创建成功
[2020-11-23 22:55:47][info] 程序成功启动
[2020-11-23 22:55:50][info] 用户[1]登录成功
[2020-11-23 23:00:00][info] 数据库连接成功
[2020-11-23 23:00:00][info] service创建成功
[2020-11-23 23:00:00][info] 程序成功启动
[2020-11-23 23:00:03][info] 用户[1]登录成功
[2020-11-23 23:00:35][info] 数据库连接成功
[2020-11-23 23:00:35][info] service创建成功
[2020-11-23 23:00:35][info] 程序成功启动
[2020-11-23 23:00:37][info] 用户[1]登录成功
[2020-11-23 23:01:57][info] 用户[1]成绩上传成功
[2020-11-23 23:01:57][info] 用户[1]登出成功
[2020-11-23 23:01:57][info] 切断数据库连接
[2020-11-23 23:01:57][info] 程序成功关闭
[2020-11-23 23:02:11][info] 数据库连接成功
[2020-11-23 23:02:11][info] service创建成功
[2020-11-23 23:02:11][info] 程序成功启动
[2020-11-23 23:02:13][info] 用户[1]登录成功
[2020-11-23 23:02:28][info] 用户[1]成绩上传成功
[2020-11-23 23:02:28][info] 用户[1]登出成功
[2020-11-23 23:02:32][info] 用户[1]登录成功
[2020-11-23 23:02:40][info] 数据库连接成功
[2020-11-23 23:02:40][info] service创建成功
[2020-11-23 23:02:40][info] 程序成功启动
[2020-11-23 23:11:07][info] 数据库连接成功
[2020-11-23 23:11:07][info] service创建成功
[2020-11-23 23:11:07][info] 程序成功启动
[2020-11-23 23:11:09][info] 用户[1]登录成功
[2020-11-23 23:11:49][info] 用户[1]成绩上传成功
[2020-11-23 23:11:49][info] 用户[1]登出成功
[2020-11-23 23:11:49][info] 切断数据库连接
[2020-11-23 23:11:49][info] 程序成功关闭
[2020-11-23 23:20:05][info] 数据库连接成功
[2020-11-23 23:20:05][info] service创建成功
[2020-11-23 23:20:05][info] 程序成功启动
[2020-11-23 23:20:08][info] 用户[1]登录成功
[2020-11-23 23:21:07][info] 用户[1]成绩上传成功
[2020-11-23 23:21:07][info] 用户[1]登出成功
[2020-11-23 23:21:07][info] 切断数据库连接
[2020-11-23 23:21:07][info] 程序成功关闭
