[2020-10-10 09:48:46][warn] 连接获取异常
[2020-10-10 09:48:46][warn] Access denied for user 'root'@'localhost' (using password: YES)
[2020-10-10 09:48:46][info] 获取logger对象成功
[2020-10-10 09:48:46][info] 程序启动成功
[2020-10-10 09:51:05][info] 获取logger对象成功
[2020-10-10 09:51:05][info] 程序启动成功
[2020-10-10 09:52:44][warn] 连接获取异常
[2020-10-10 09:52:44][warn] Access denied for user 'root'@'localhost' (using password: YES)
[2020-10-10 09:52:44][info] 获取logger对象成功
[2020-10-10 09:52:44][info] 程序启动成功
[2020-10-10 09:53:14][warn] 连接获取异常
[2020-10-10 09:53:14][warn] Access denied for user 'roo'@'localhost' (using password: YES)
[2020-10-10 09:53:14][info] 获取logger对象成功
[2020-10-10 09:53:14][info] 程序启动成功
[2020-10-10 09:54:54][warn] 连接获取异常
[2020-10-10 09:54:54][warn] [Ljava.lang.StackTraceElement;@56620197
[2020-10-10 09:54:54][info] 获取logger对象成功
[2020-10-10 09:54:54][info] 程序启动成功
[2020-10-10 10:04:24][warn] 连接获取异常
java.sql.SQLException: Access denied for user 'root'@'localhost' (using password: YES)
	at com.mysql.cj.jdbc.exceptions.SQLError.createSQLException(SQLError.java:129)
	at com.mysql.cj.jdbc.exceptions.SQLError.createSQLException(SQLError.java:97)
	at com.mysql.cj.jdbc.exceptions.SQLExceptionsMapping.translateException(SQLExceptionsMapping.java:122)
	at com.mysql.cj.jdbc.ConnectionImpl.createNewIO(ConnectionImpl.java:836)
	at com.mysql.cj.jdbc.ConnectionImpl.<init>(ConnectionImpl.java:456)
	at com.mysql.cj.jdbc.ConnectionImpl.getInstance(ConnectionImpl.java:246)
	at com.mysql.cj.jdbc.NonRegisteringDriver.connect(NonRegisteringDriver.java:197)
	at java.sql/java.sql.DriverManager.getConnection(DriverManager.java:677)
	at java.sql/java.sql.DriverManager.getConnection(DriverManager.java:228)
	at ink.kikkiz.db.DatabaseConnection.<init>(DatabaseConnection.java:31)
	at ink.kikkiz.client.Client.main(Client.java:17)
[2020-10-10 10:04:24][info] 获取logger对象成功
[2020-10-10 10:04:24][info] 程序启动成功
[2020-10-10 10:05:14][warn] 连接获取异常
java.sql.SQLException: Access denied for user 'roo'@'localhost' (using password: YES)
	at com.mysql.cj.jdbc.exceptions.SQLError.createSQLException(SQLError.java:129)
	at com.mysql.cj.jdbc.exceptions.SQLError.createSQLException(SQLError.java:97)
	at com.mysql.cj.jdbc.exceptions.SQLExceptionsMapping.translateException(SQLExceptionsMapping.java:122)
	at com.mysql.cj.jdbc.ConnectionImpl.createNewIO(ConnectionImpl.java:836)
	at com.mysql.cj.jdbc.ConnectionImpl.<init>(ConnectionImpl.java:456)
	at com.mysql.cj.jdbc.ConnectionImpl.getInstance(ConnectionImpl.java:246)
	at com.mysql.cj.jdbc.NonRegisteringDriver.connect(NonRegisteringDriver.java:197)
	at java.sql/java.sql.DriverManager.getConnection(DriverManager.java:677)
	at java.sql/java.sql.DriverManager.getConnection(DriverManager.java:228)
	at ink.kikkiz.db.DatabaseConnection.<init>(DatabaseConnection.java:31)
	at ink.kikkiz.client.Client.main(Client.java:17)
[2020-10-10 10:05:14][info] 获取logger对象成功
[2020-10-10 10:05:14][info] 程序启动成功
[2020-10-10 10:08:48][warn] 连接获取异常
java.sql.SQLException: Access denied for user 'roo'@'localhost' (using password: YES)
	at com.mysql.cj.jdbc.exceptions.SQLError.createSQLException(SQLError.java:129)
	at com.mysql.cj.jdbc.exceptions.SQLError.createSQLException(SQLError.java:97)
	at com.mysql.cj.jdbc.exceptions.SQLExceptionsMapping.translateException(SQLExceptionsMapping.java:122)
	at com.mysql.cj.jdbc.ConnectionImpl.createNewIO(ConnectionImpl.java:836)
	at com.mysql.cj.jdbc.ConnectionImpl.<init>(ConnectionImpl.java:456)
	at com.mysql.cj.jdbc.ConnectionImpl.getInstance(ConnectionImpl.java:246)
	at com.mysql.cj.jdbc.NonRegisteringDriver.connect(NonRegisteringDriver.java:197)
	at java.sql/java.sql.DriverManager.getConnection(DriverManager.java:677)
	at java.sql/java.sql.DriverManager.getConnection(DriverManager.java:228)
	at ink.kikkiz.db.DatabaseConnection.<init>(DatabaseConnection.java:31)
	at ink.kikkiz.client.Client.main(Client.java:15)
[2020-10-10 10:08:48][error] 发生严重错误
[2020-10-10 10:08:48][info] 程序已启动
[2020-10-10 11:14:49][warn] 连接获取异常
java.lang.ClassNotFoundException: com.mysql.cj.jdbc.Drive
	at java.base/jdk.internal.loader.BuiltinClassLoader.loadClass(BuiltinClassLoader.java:604)
	at java.base/jdk.internal.loader.ClassLoaders$AppClassLoader.loadClass(ClassLoaders.java:178)
	at java.base/java.lang.ClassLoader.loadClass(ClassLoader.java:521)
	at java.base/java.lang.Class.forName0(Native Method)
	at java.base/java.lang.Class.forName(Class.java:333)
	at ink.kikkiz.db.DatabaseConnection.<init>(DatabaseConnection.java:30)
	at ink.kikkiz.client.Client.main(Client.java:15)
[2020-10-10 11:14:49][info] 程序已启动
[2020-10-10 12:31:48][info] 程序已启动
[2020-10-10 12:31:48][info] 获取logger对象成功
[2020-10-10 12:32:19][info] 程序已启动
[2020-10-10 12:32:19][info] 获取logger对象成功
[2020-10-10 12:32:56][info] 程序已启动
[2020-10-10 12:32:56][info] 获取logger对象成功
[2020-10-10 12:34:05][info] 程序已启动
[2020-10-10 12:34:05][info] 获取logger对象成功
[2020-10-10 12:36:25][info] 程序已启动
[2020-10-10 12:36:25][info] 获取logger对象成功
[2020-10-10 12:37:06][info] 程序已启动
[2020-10-10 12:37:09][info] 获取logger对象成功
[2020-10-10 12:41:05][info] 程序已启动
[2020-10-10 12:41:05][info] 获取logger对象成功
[2020-10-10 12:41:31][info] 程序已启动
[2020-10-10 12:41:33][info] 获取logger对象成功
[2020-10-10 12:49:25][info] 程序已启动
[2020-10-10 12:49:25][info] 获取logger对象成功
[2020-10-10 12:49:42][info] 程序已启动
[2020-10-10 12:49:42][info] 获取logger对象成功
[2020-10-10 12:49:54][info] 程序已启动
[2020-10-10 12:49:54][info] 获取logger对象成功
[2020-10-10 13:11:40][info] 程序已启动
[2020-10-10 13:11:40][info] 获取logger对象成功
[2020-10-10 13:11:40][warn] 添加单选题时发生异常
[2020-10-10 13:12:20][info] 程序已启动
[2020-10-10 13:12:20][info] 获取logger对象成功
[2020-10-10 13:12:20][warn] 添加单选题时发生异常
[2020-10-10 13:13:17][info] 程序已启动
[2020-10-10 13:13:17][info] 获取logger对象成功
[2020-10-10 13:13:17][warn] 添加单选题时发生异常
[2020-10-10 13:14:24][info] 程序已启动
[2020-10-10 13:14:24][info] 获取logger对象成功
[2020-10-10 13:14:24][warn] 添加单选题时发生异常
[2020-10-10 13:15:13][info] 程序已启动
[2020-10-10 13:15:13][info] 获取logger对象成功
[2020-10-10 13:15:13][warn] 添加单选题时发生异常
[2020-10-10 13:29:41][info] 程序已启动
[2020-10-10 13:29:41][info] 获取logger对象成功
[2020-10-10 13:29:41][warn] 添加单选题时发生异常
[2020-10-10 13:32:34][info] 程序已启动
[2020-10-10 13:32:34][info] 获取logger对象成功
[2020-10-10 13:32:34][warn] 添加单选题时发生异常
[2020-10-10 13:34:16][info] 程序已启动
[2020-10-10 13:34:16][info] 获取logger对象成功
[2020-10-10 13:34:16][warn] 添加单选题时发生异常
[2020-10-10 13:37:05][info] 程序已启动
[2020-10-10 13:37:05][info] 获取logger对象成功
[2020-10-10 13:37:05][warn] 添加单选题时发生异常
[2020-10-10 13:37:55][info] 程序已启动
[2020-10-10 13:37:55][info] 获取logger对象成功
[2020-10-10 13:37:55][info] 添加单选题成功
[2020-10-10 13:40:57][info] 程序已启动
[2020-10-10 13:40:57][info] 获取logger对象成功
[2020-10-10 13:40:57][warn] 添加单选题时发生异常
[2020-10-10 13:44:26][info] 程序已启动
[2020-10-10 13:44:26][info] 获取logger对象成功
[2020-10-10 13:44:26][info] 添加单选题成功
[2020-10-10 13:47:43][info] 程序已启动
[2020-10-10 13:47:43][info] 获取logger对象成功
[2020-10-10 13:47:43][warn] 添加单选题时发生异常
[2020-10-10 14:02:08][info] 程序已启动
[2020-10-10 14:02:08][info] 获取logger对象成功
[2020-10-10 14:04:07][info] 程序已启动
[2020-10-10 14:04:09][info] 获取logger对象成功
[2020-10-10 14:05:08][info] 程序已启动
[2020-10-10 14:05:08][info] 获取logger对象成功
[2020-10-10 14:05:15][info] 程序已启动
[2020-10-10 14:05:16][info] 获取logger对象成功
[2020-10-10 14:05:21][info] 程序已启动
[2020-10-10 14:05:22][info] 获取logger对象成功
[2020-10-10 14:06:24][info] 程序已启动
[2020-10-10 14:06:26][info] 获取logger对象成功
[2020-10-10 14:07:36][info] 程序已启动
[2020-10-10 14:07:36][info] 获取logger对象成功
[2020-10-10 20:54:01][info] 程序已启动
[2020-10-10 20:54:01][info] 获取logger对象成功
[2020-10-10 20:54:01][warn] 添加单选题时发生异常
[2020-10-10 20:55:08][info] 程序已启动
[2020-10-10 20:55:08][info] 获取logger对象成功
[2020-10-10 20:55:08][warn] 添加单选题时发生异常
[2020-10-10 20:55:47][info] 程序已启动
[2020-10-10 20:55:47][info] 获取logger对象成功
[2020-10-10 20:55:47][warn] 添加单选题时发生异常
[2020-10-10 20:56:32][info] 程序已启动
[2020-10-10 20:56:32][info] 获取logger对象成功
[2020-10-10 20:56:32][warn] 添加单选题时发生异常
[2020-10-10 20:56:55][info] 程序已启动
[2020-10-10 20:56:55][info] 获取logger对象成功
[2020-10-10 20:56:55][warn] 添加单选题时发生异常
[2020-10-10 20:57:14][info] 程序已启动
[2020-10-10 20:57:14][info] 获取logger对象成功
[2020-10-10 20:57:14][warn] 添加单选题时发生异常
[2020-10-10 20:57:21][info] 程序已启动
[2020-10-10 20:57:21][info] 获取logger对象成功
[2020-10-10 20:57:21][info] 添加单选题成功
[2020-10-10 21:07:20][info] 程序已启动
[2020-10-10 21:07:20][info] 获取logger对象成功
[2020-10-10 21:15:01][info] 程序已启动
[2020-10-10 21:15:01][info] 获取logger对象成功
[2020-10-10 21:52:32][info] 程序已启动
[2020-10-10 21:52:32][info] 获取logger对象成功
[2020-10-10 21:52:32][warn] 添加用户时发生异常
[2020-10-10 21:54:25][info] 程序已启动
[2020-10-10 21:54:25][info] 获取logger对象成功
[2020-10-10 21:55:29][info] 程序已启动
[2020-10-10 21:55:29][info] 获取logger对象成功
[2020-10-10 21:55:29][info] 添加用户成功
[2020-10-10 21:56:10][info] 程序已启动
[2020-10-10 21:56:10][info] 获取logger对象成功
[2020-10-10 21:56:10][info] 添加用户成功
[2020-10-10 21:56:43][info] 程序已启动
[2020-10-10 21:56:43][info] 获取logger对象成功
[2020-10-10 21:56:43][warn] 添加用户时发生异常
[2020-10-10 21:56:59][info] 程序已启动
[2020-10-10 21:56:59][info] 获取logger对象成功
[2020-10-10 21:56:59][warn] 添加用户时发生异常
[2020-10-10 21:57:52][info] 程序已启动
[2020-10-10 21:57:52][info] 获取logger对象成功
[2020-10-10 21:57:52][warn] 添加用户时发生异常
[2020-10-10 21:58:19][info] 程序已启动
[2020-10-10 21:58:19][info] 获取logger对象成功
[2020-10-10 21:58:19][warn] 添加用户时发生异常
[2020-10-10 21:59:30][info] 程序已启动
[2020-10-10 21:59:30][info] 获取logger对象成功
[2020-10-10 21:59:30][info] 添加用户成功
[2020-10-10 22:00:21][info] 程序已启动
[2020-10-10 22:00:21][info] 获取logger对象成功
[2020-10-10 22:00:21][info] 添加用户成功
[2020-10-10 22:03:58][info] 程序已启动
[2020-10-10 22:03:58][info] 获取logger对象成功
[2020-10-10 22:03:58][info] 添加用户成功
[2020-10-10 22:05:36][info] 程序已启动
[2020-10-10 22:05:36][info] 获取logger对象成功
[2020-10-10 22:05:36][info] 添加用户成功
[2020-10-10 23:15:49][info] 程序已启动
[2020-10-10 23:15:49][info] 获取logger对象成功
[2020-10-10 23:16:48][info] 程序已启动
[2020-10-10 23:16:48][info] 获取logger对象成功
[2020-10-10 23:18:17][info] 程序已启动
[2020-10-10 23:18:17][info] 获取logger对象成功
[2020-10-10 23:18:48][info] 程序已启动
[2020-10-10 23:18:48][info] 获取logger对象成功
[2020-10-10 23:19:03][info] 程序已启动
[2020-10-10 23:19:05][info] 获取logger对象成功
[2020-10-10 23:22:18][info] 程序已启动
[2020-10-10 23:22:18][info] 获取logger对象成功
[2020-10-10 23:22:33][info] 程序已启动
[2020-10-10 23:22:35][info] 获取logger对象成功
[2020-10-10 23:25:09][info] 程序已启动
[2020-10-10 23:25:09][info] 获取logger对象成功
[2020-10-10 23:26:23][info] 程序已启动
[2020-10-10 23:26:23][info] 获取logger对象成功
[2020-10-10 23:31:44][info] 程序已启动
[2020-10-10 23:31:44][info] 获取logger对象成功
