[2020-11-24 22:32:35][info] 数据库连接成功
[2020-11-24 22:32:35][info] service创建成功
[2020-11-24 22:32:35][info] 程序成功启动
[2020-11-24 22:32:37][info] 用户[1]登录成功
[2020-11-24 22:37:26][info] 数据库连接成功
[2020-11-24 22:37:26][info] service创建成功
[2020-11-24 22:37:26][info] 程序成功启动
[2020-11-24 22:37:28][info] 用户[1]登录成功
[2020-11-24 22:38:17][info] 数据库连接成功
[2020-11-24 22:38:17][info] service创建成功
[2020-11-24 22:38:17][info] 程序成功启动
[2020-11-24 22:38:20][info] 用户[1]登录成功
[2020-11-24 22:39:10][info] 数据库连接成功
[2020-11-24 22:39:10][info] service创建成功
[2020-11-24 22:39:10][info] 程序成功启动
[2020-11-24 22:39:13][info] 用户[1]登录成功
[2020-11-24 22:40:09][info] 数据库连接成功
[2020-11-24 22:40:09][info] service创建成功
[2020-11-24 22:40:09][info] 程序成功启动
[2020-11-24 22:40:11][info] 用户[1]登录成功
[2020-11-24 22:40:22][info] 用户[1]成绩上传成功
[2020-11-24 22:40:22][info] 用户[1]登出成功
[2020-11-24 22:40:22][info] 切断数据库连接
[2020-11-24 22:40:22][info] 程序成功关闭
