[2020-10-22 13:10:32][info] 程序已启动
[2020-10-22 13:13:38][info] 程序已启动
[2020-10-22 13:13:43][info] 用户admin登录成功
[2020-10-22 13:18:20][warn] 查找用户名为admin' --时发生异常
[2020-10-22 13:22:18][info] 程序已启动
[2020-10-22 13:22:39][info] 程序已启动
[2020-10-22 13:23:27][info] 程序已启动
[2020-10-22 13:57:27][info] 程序已启动
[2020-10-22 13:58:10][info] 用户admin登录成功
[2020-10-22 13:58:26][info] 用户kikki登录成功
[2020-10-22 14:44:52][info] 程序已启动
[2020-10-22 15:51:49][info] 程序已启动
[2020-10-22 15:52:12][warn] 登录时发生异常
[2020-10-22 15:52:50][info] 程序已启动
[2020-10-22 15:54:43][info] 用户admin登录成功
[2020-10-22 15:57:01][info] 程序已启动
[2020-10-22 16:29:52][info] 数据库连接成功
[2020-10-22 16:29:52][info] service创建成功
[2020-10-22 16:29:52][info] 程序已启动
[2020-10-22 16:30:08][info] 用户admin登录成功
[2020-10-22 16:30:33][info] 添加用户[吉吉]成功
[2020-10-22 16:35:52][info] 数据库连接成功
[2020-10-22 16:35:52][info] service创建成功
[2020-10-22 16:35:52][info] 程序已启动
[2020-10-22 16:36:30][info] 添加用户[毛毛]成功
[2020-10-22 16:37:09][info] 添加用户[桐人]成功
[2020-10-22 16:38:23][info] 数据库连接成功
[2020-10-22 16:38:23][info] service创建成功
[2020-10-22 16:38:23][info] 程序已启动
[2020-10-22 16:38:37][info] 添加用户[亚斯娜]成功
[2020-10-22 16:39:34][info] 数据库连接成功
[2020-10-22 16:39:34][info] service创建成功
[2020-10-22 16:39:34][info] 程序已启动
[2020-10-22 16:40:13][info] 添加用户[爱丽丝]成功
[2020-10-22 16:48:08][info] 数据库连接成功
[2020-10-22 16:48:08][info] service创建成功
[2020-10-22 16:48:08][info] 程序已启动
[2020-10-22 16:48:54][info] 添加用户[优吉欧]成功
[2020-10-22 16:49:35][info] 数据库连接成功
[2020-10-22 16:49:35][info] service创建成功
[2020-10-22 16:49:35][info] 程序已启动
[2020-10-22 16:50:55][info] 用户[茅场晶彦]注册成功
[2020-10-22 16:53:03][info] 数据库连接成功
[2020-10-22 16:53:03][info] service创建成功
[2020-10-22 16:53:03][info] 程序已启动
[2020-10-22 16:53:05][info] 切断数据库连接
[2020-10-22 16:53:49][info] 数据库连接成功
[2020-10-22 16:53:49][info] service创建成功
[2020-10-22 16:53:49][info] 程序成功启动
[2020-10-22 16:53:51][info] 切断数据库连接
[2020-10-22 16:53:51][info] 程序成功关闭
[2020-10-22 17:12:45][info] 数据库连接成功
[2020-10-22 17:12:45][info] service创建成功
[2020-10-22 17:12:45][info] 程序成功启动
[2020-10-22 17:13:06][info] 切断数据库连接
[2020-10-22 17:13:06][info] 程序成功关闭
