[2020-10-11 10:49:58][info] 程序已启动
[2020-10-11 10:49:58][info] 获取logger对象成功
[2020-10-11 10:51:13][info] 程序已启动
[2020-10-11 10:51:13][info] 获取logger对象成功
[2020-10-11 10:52:36][info] 程序已启动
[2020-10-11 10:52:36][info] 获取logger对象成功
[2020-10-11 12:45:07][info] 程序已启动
[2020-10-11 12:46:35][info] 程序已启动
[2020-10-11 12:47:58][info] 程序已启动
[2020-10-11 12:47:58][info] 获取logger对象成功
[2020-10-11 12:49:45][info] 程序已启动
[2020-10-11 12:49:47][info] 获取logger对象成功
[2020-10-11 12:56:01][info] 程序已启动
[2020-10-11 12:56:01][info] 获取logger对象成功
[2020-10-11 12:56:27][info] 程序已启动
[2020-10-11 12:56:27][info] 获取logger对象成功
[2020-10-11 12:56:43][info] 程序已启动
[2020-10-11 12:56:43][info] 获取logger对象成功
[2020-10-11 12:57:42][info] 程序已启动
[2020-10-11 12:57:42][info] 获取logger对象成功
[2020-10-11 12:58:36][info] 程序已启动
[2020-10-11 12:58:36][info] 获取logger对象成功
[2020-10-11 12:59:24][info] 程序已启动
[2020-10-11 12:59:24][info] 获取logger对象成功
[2020-10-11 13:10:38][info] 程序已启动
[2020-10-11 13:10:38][info] 获取logger对象成功
[2020-10-11 13:12:01][info] 程序已启动
[2020-10-11 13:12:01][info] 获取logger对象成功
[2020-10-11 13:14:33][info] 程序已启动
[2020-10-11 13:28:49][info] 程序已启动
[2020-10-11 13:28:49][info] 获取logger对象成功
[2020-10-11 13:30:22][info] 程序已启动
[2020-10-11 13:30:22][info] 获取logger对象成功
[2020-10-11 13:51:59][info] 程序已启动
[2020-10-11 13:51:59][info] 获取logger对象成功
[2020-10-11 13:53:18][info] 程序已启动
[2020-10-11 13:53:18][info] 获取logger对象成功
[2020-10-11 13:54:05][info] 程序已启动
[2020-10-11 13:54:05][info] 获取logger对象成功
[2020-10-11 13:54:48][info] 程序已启动
[2020-10-11 13:54:48][info] 获取logger对象成功
[2020-10-11 19:22:15][info] 程序已启动
[2020-10-11 19:22:15][info] 获取logger对象成功
[2020-10-11 19:22:15][warn] 查找不到该对象
[2020-10-11 19:22:15][warn] 查找不到该对象
[2020-10-11 19:22:35][info] 程序已启动
[2020-10-11 19:22:35][info] 获取logger对象成功
[2020-10-11 19:22:35][warn] 查询数据出现异常
[2020-10-11 19:22:35][warn] 查找不到该对象
[2020-10-11 19:23:04][info] 程序已启动
[2020-10-11 19:23:04][info] 获取logger对象成功
[2020-10-11 19:23:04][warn] 查询数据出现异常
[2020-10-11 19:23:04][warn] 查找不到该对象
[2020-10-11 19:23:28][info] 程序已启动
[2020-10-11 19:23:28][info] 获取logger对象成功
[2020-10-11 19:23:28][warn] 查找不到该对象
[2020-10-11 19:24:52][info] 程序已启动
[2020-10-11 19:24:52][info] 获取logger对象成功
[2020-10-11 19:24:52][warn] 查找不到该对象
[2020-10-11 19:25:42][info] 程序已启动
[2020-10-11 19:25:42][info] 获取logger对象成功
[2020-10-11 19:25:42][warn] 查找不到id为2的对象
[2020-10-11 19:34:09][info] 程序已启动
[2020-10-11 19:34:09][info] 获取logger对象成功
[2020-10-11 19:34:09][warn] 查找不到id为2的对象
[2020-10-11 20:58:25][info] 程序已启动
[2020-10-11 20:58:25][info] 获取logger对象成功
[2020-10-11 20:58:25][warn] 添加多选题时发生异常
[2020-10-11 20:58:25][info] 添加单选题成功
[2020-10-11 20:59:00][info] 程序已启动
[2020-10-11 20:59:00][info] 获取logger对象成功
[2020-10-11 20:59:00][info] 添加多选题成功
[2020-10-11 20:59:00][info] 添加单选题成功
[2020-10-11 21:00:34][info] 程序已启动
[2020-10-11 21:00:34][info] 获取logger对象成功
[2020-10-11 21:00:34][info] 添加多选题成功
[2020-10-11 21:00:34][info] 添加单选题成功
[2020-10-11 21:01:09][info] 程序已启动
[2020-10-11 21:01:09][info] 获取logger对象成功
[2020-10-11 21:01:09][info] 添加多选题成功
[2020-10-11 21:01:09][info] 添加单选题成功
[2020-10-11 21:34:05][info] 程序已启动
[2020-10-11 21:34:05][info] 获取logger对象成功
[2020-10-11 21:45:53][info] 程序已启动
[2020-10-11 21:45:53][info] 获取logger对象成功
[2020-10-11 21:46:37][info] 程序已启动
[2020-10-11 21:46:48][info] 程序已启动
[2020-10-11 21:48:39][info] 程序已启动
[2020-10-11 21:48:50][info] 程序已启动
[2020-10-11 21:53:36][info] 程序已启动
[2020-10-11 21:53:41][info] 程序已启动
[2020-10-11 21:55:10][info] 程序已启动
[2020-10-11 21:55:34][info] 程序已启动
[2020-10-11 23:08:38][info] 程序已启动
