[2020-12-02 13:04:38][info] 数据库连接成功
[2020-12-02 13:04:38][info] service创建成功
[2020-12-02 13:04:38][info] 程序成功启动
[2020-12-02 13:05:33][info] 用户[admin]登录成功
[2020-12-02 14:55:34][info] 数据库连接成功
[2020-12-02 14:55:34][info] service创建成功
[2020-12-02 14:55:34][info] 程序成功启动
[2020-12-02 14:56:10][info] 用户[1]登录成功
[2020-12-02 15:22:23][info] 用户[1]成绩上传成功
[2020-12-02 15:22:23][info] 用户[1]登出成功
[2020-12-02 15:22:23][info] 切断数据库连接
[2020-12-02 15:22:23][info] 程序成功关闭
[2020-12-02 16:07:42][info] 数据库连接成功
[2020-12-02 16:07:42][info] service创建成功
[2020-12-02 16:07:42][info] 程序成功启动
[2020-12-02 16:07:45][info] 用户[1]登录成功
[2020-12-02 16:11:37][info] 数据库连接成功
[2020-12-02 16:11:37][info] service创建成功
[2020-12-02 16:11:37][info] 程序成功启动
[2020-12-02 16:11:41][info] 用户[1]登录成功
[2020-12-02 16:14:37][info] 数据库连接成功
[2020-12-02 16:14:37][info] service创建成功
[2020-12-02 16:14:37][info] 程序成功启动
[2020-12-02 16:14:41][info] 用户[1]登录成功
[2020-12-02 16:17:23][info] 数据库连接成功
[2020-12-02 16:17:23][info] service创建成功
[2020-12-02 16:17:23][info] 程序成功启动
[2020-12-02 16:17:27][info] 用户[1]登录成功
[2020-12-02 16:18:07][info] 数据库连接成功
[2020-12-02 16:18:07][info] service创建成功
[2020-12-02 16:18:07][info] 程序成功启动
[2020-12-02 16:18:10][info] 用户[1]登录成功
[2020-12-02 16:24:15][info] 用户[1]成绩上传成功
[2020-12-02 16:24:15][info] 用户[1]登出成功
[2020-12-02 16:24:15][info] 切断数据库连接
[2020-12-02 16:24:15][info] 程序成功关闭
[2020-12-02 16:27:23][info] 数据库连接成功
[2020-12-02 16:27:23][info] service创建成功
[2020-12-02 16:27:23][info] 程序成功启动
[2020-12-02 16:27:27][info] 用户[1]登录成功
[2020-12-02 16:39:09][info] 用户[1]成绩上传成功
[2020-12-02 16:39:09][info] 用户[1]登出成功
[2020-12-02 16:39:09][info] 切断数据库连接
[2020-12-02 16:39:09][info] 程序成功关闭
[2020-12-02 16:44:03][info] 数据库连接成功
[2020-12-02 16:44:03][info] service创建成功
[2020-12-02 16:44:03][info] 程序成功启动
[2020-12-02 16:44:07][info] 用户[1]登录成功
[2020-12-02 16:47:47][info] 用户[1]成绩上传成功
[2020-12-02 16:47:47][info] 用户[1]登出成功
[2020-12-02 16:47:47][info] 切断数据库连接
[2020-12-02 16:47:47][info] 程序成功关闭
[2020-12-02 16:48:38][info] 数据库连接成功
[2020-12-02 16:48:38][info] service创建成功
[2020-12-02 16:48:38][info] 程序成功启动
[2020-12-02 16:49:35][info] 用户[1]登录成功
[2020-12-02 16:51:00][info] 用户[1]成绩上传成功
[2020-12-02 16:51:00][info] 用户[1]登出成功
[2020-12-02 16:51:00][info] 切断数据库连接
[2020-12-02 16:51:00][info] 程序成功关闭
[2020-12-02 19:21:35][info] 数据库连接成功
[2020-12-02 19:21:35][info] service创建成功
[2020-12-02 19:21:35][info] 程序成功启动
[2020-12-02 19:22:14][info] 用户[1]登录成功
[2020-12-02 19:25:42][info] 数据库连接成功
[2020-12-02 19:25:42][info] service创建成功
[2020-12-02 19:25:42][info] 程序成功启动
[2020-12-02 19:25:45][info] 用户[1]登录成功
[2020-12-02 19:32:32][info] 用户[1]成绩上传成功
[2020-12-02 19:32:32][info] 用户[1]登出成功
[2020-12-02 19:32:32][info] 切断数据库连接
[2020-12-02 19:32:32][info] 程序成功关闭
[2020-12-02 19:51:52][info] 数据库连接成功
[2020-12-02 19:51:52][info] service创建成功
[2020-12-02 19:51:52][info] 程序成功启动
[2020-12-02 19:51:57][info] 用户[1]登录成功
[2020-12-02 19:52:20][info] 用户[1]成绩上传成功
[2020-12-02 19:52:20][info] 用户[1]登出成功
[2020-12-02 19:52:20][info] 切断数据库连接
[2020-12-02 19:52:20][info] 程序成功关闭
[2020-12-02 19:56:20][info] 数据库连接成功
[2020-12-02 19:56:20][info] service创建成功
[2020-12-02 19:56:20][info] 程序成功启动
[2020-12-02 19:56:23][info] 用户[1]登录成功
[2020-12-02 20:20:19][info] 数据库连接成功
[2020-12-02 20:20:19][info] service创建成功
[2020-12-02 20:20:19][info] 程序成功启动
[2020-12-02 20:20:22][info] 用户[1]登录成功
[2020-12-02 20:20:38][info] 用户[1]成绩上传成功
[2020-12-02 20:20:38][info] 用户[1]登出成功
[2020-12-02 20:20:38][info] 切断数据库连接
[2020-12-02 20:20:38][info] 程序成功关闭
[2020-12-02 20:24:14][info] 数据库连接成功
[2020-12-02 20:24:14][info] service创建成功
[2020-12-02 20:24:14][info] 程序成功启动
[2020-12-02 20:24:22][info] 用户[1]登录成功
[2020-12-02 20:29:36][info] 用户[1]成绩上传成功
[2020-12-02 20:29:36][info] 用户[1]登出成功
[2020-12-02 20:29:36][info] 切断数据库连接
[2020-12-02 20:29:36][info] 程序成功关闭
[2020-12-02 20:42:40][info] 数据库连接成功
[2020-12-02 20:42:40][info] service创建成功
[2020-12-02 20:42:40][info] 程序成功启动
[2020-12-02 20:42:51][info] 用户[1]登录成功
[2020-12-02 20:43:53][info] 用户[1]成绩上传成功
[2020-12-02 20:43:53][info] 用户[1]登出成功
[2020-12-02 20:43:53][info] 切断数据库连接
[2020-12-02 20:43:53][info] 程序成功关闭
[2020-12-02 20:55:46][info] 数据库连接成功
[2020-12-02 20:55:46][info] service创建成功
[2020-12-02 20:55:46][info] 程序成功启动
[2020-12-02 20:55:50][info] 用户[1]登录成功
[2020-12-02 20:56:04][info] 用户[1]成绩上传成功
[2020-12-02 20:56:04][info] 用户[1]登出成功
[2020-12-02 20:56:04][info] 切断数据库连接
[2020-12-02 20:56:04][info] 程序成功关闭
[2020-12-02 20:56:49][info] 数据库连接成功
[2020-12-02 20:56:49][info] service创建成功
[2020-12-02 20:56:49][info] 程序成功启动
[2020-12-02 20:56:52][info] 用户[1]登录成功
[2020-12-02 20:57:09][info] 用户[1]成绩上传成功
[2020-12-02 20:57:09][info] 用户[1]登出成功
[2020-12-02 20:57:09][info] 切断数据库连接
[2020-12-02 20:57:09][info] 程序成功关闭
[2020-12-02 21:02:52][info] 数据库连接成功
[2020-12-02 21:02:52][info] service创建成功
[2020-12-02 21:02:52][info] 程序成功启动
[2020-12-02 21:02:54][info] 用户[1]登录成功
[2020-12-02 21:04:01][info] 数据库连接成功
[2020-12-02 21:04:01][info] service创建成功
[2020-12-02 21:04:01][info] 程序成功启动
[2020-12-02 21:04:03][info] 用户[1]登录成功
[2020-12-02 21:05:00][info] 用户[1]成绩上传成功
[2020-12-02 21:05:00][info] 用户[1]登出成功
[2020-12-02 21:05:00][info] 切断数据库连接
[2020-12-02 21:05:00][info] 程序成功关闭
[2020-12-02 21:05:04][info] 数据库连接成功
[2020-12-02 21:05:04][info] service创建成功
[2020-12-02 21:05:04][info] 程序成功启动
[2020-12-02 21:05:07][info] 用户[1]登录成功
[2020-12-02 21:07:33][info] 用户[1]成绩上传成功
[2020-12-02 21:07:33][info] 用户[1]登出成功
[2020-12-02 21:07:36][info] 用户[1]登录成功
[2020-12-02 21:13:50][info] 数据库连接成功
[2020-12-02 21:13:50][info] service创建成功
[2020-12-02 21:13:50][info] 程序成功启动
[2020-12-02 21:13:55][info] 用户[1]登录成功
[2020-12-02 21:14:57][info] 数据库连接成功
[2020-12-02 21:14:57][info] service创建成功
[2020-12-02 21:14:57][info] 程序成功启动
[2020-12-02 21:15:01][info] 用户[1]登录成功
[2020-12-02 21:15:54][info] 数据库连接成功
[2020-12-02 21:15:54][info] service创建成功
[2020-12-02 21:15:54][info] 程序成功启动
[2020-12-02 21:15:56][info] 切断数据库连接
[2020-12-02 21:15:56][info] 程序成功关闭
[2020-12-02 21:16:10][info] 数据库连接成功
[2020-12-02 21:16:10][info] service创建成功
[2020-12-02 21:16:10][info] 程序成功启动
[2020-12-02 21:16:13][info] 用户[1]登录成功
[2020-12-02 21:21:26][info] 数据库连接成功
[2020-12-02 21:21:26][info] service创建成功
[2020-12-02 21:21:26][info] 程序成功启动
[2020-12-02 21:21:29][info] 数据库连接成功
[2020-12-02 21:21:29][info] service创建成功
[2020-12-02 21:21:29][info] 程序成功启动
[2020-12-02 21:21:32][info] 用户[1]登录成功
[2020-12-02 21:21:38][info] 用户[1]成绩上传成功
[2020-12-02 21:21:38][info] 用户[1]登出成功
[2020-12-02 21:21:38][info] 切断数据库连接
[2020-12-02 21:21:38][info] 程序成功关闭
[2020-12-02 21:22:22][info] 数据库连接成功
[2020-12-02 21:22:22][info] service创建成功
[2020-12-02 21:22:22][info] 程序成功启动
[2020-12-02 21:22:25][info] 用户[1]登录成功
[2020-12-02 21:25:21][info] 数据库连接成功
[2020-12-02 21:25:21][info] service创建成功
[2020-12-02 21:25:21][info] 程序成功启动
[2020-12-02 21:25:26][info] 用户[1]登录成功
[2020-12-02 21:36:32][info] 数据库连接成功
[2020-12-02 21:36:32][info] service创建成功
[2020-12-02 21:36:32][info] 程序成功启动
[2020-12-02 21:36:39][info] 用户[1]登录成功
[2020-12-02 21:39:30][info] 数据库连接成功
[2020-12-02 21:39:30][info] service创建成功
[2020-12-02 21:39:30][info] 程序成功启动
[2020-12-02 21:39:32][info] 用户[1]登录成功
[2020-12-02 21:42:18][info] 数据库连接成功
[2020-12-02 21:42:18][info] service创建成功
[2020-12-02 21:42:18][info] 程序成功启动
[2020-12-02 21:42:20][info] 用户[1]登录成功
[2020-12-02 21:44:47][info] 数据库连接成功
[2020-12-02 21:44:47][info] service创建成功
[2020-12-02 21:44:47][info] 程序成功启动
[2020-12-02 21:44:50][info] 用户[1]登录成功
[2020-12-02 21:46:18][info] 数据库连接成功
[2020-12-02 21:46:18][info] service创建成功
[2020-12-02 21:46:18][info] 程序成功启动
[2020-12-02 21:46:24][info] 用户[1]登录成功
[2020-12-02 21:48:50][info] 数据库连接成功
[2020-12-02 21:48:50][info] service创建成功
[2020-12-02 21:48:50][info] 程序成功启动
[2020-12-02 21:48:52][info] 用户[1]登录成功
[2020-12-02 21:50:56][info] 数据库连接成功
[2020-12-02 21:50:56][info] service创建成功
[2020-12-02 21:50:56][info] 程序成功启动
[2020-12-02 21:51:05][info] 用户[1]登录成功
[2020-12-02 21:52:17][info] 数据库连接成功
[2020-12-02 21:52:17][info] service创建成功
[2020-12-02 21:52:17][info] 程序成功启动
[2020-12-02 21:52:20][info] 用户[1]登录成功
[2020-12-02 21:53:13][info] 数据库连接成功
[2020-12-02 21:53:13][info] service创建成功
[2020-12-02 21:53:13][info] 程序成功启动
[2020-12-02 21:53:17][info] 用户[1]登录成功
[2020-12-02 21:54:07][info] 用户[1]成绩上传成功
[2020-12-02 21:54:07][info] 用户[1]登出成功
[2020-12-02 21:54:07][info] 切断数据库连接
[2020-12-02 21:54:07][info] 程序成功关闭
[2020-12-02 21:54:12][info] 数据库连接成功
[2020-12-02 21:54:12][info] service创建成功
[2020-12-02 21:54:12][info] 程序成功启动
[2020-12-02 21:54:14][info] 用户[1]登录成功
[2020-12-02 21:54:48][info] 数据库连接成功
[2020-12-02 21:54:48][info] service创建成功
[2020-12-02 21:54:48][info] 程序成功启动
[2020-12-02 21:54:55][info] 用户[1]登录成功
[2020-12-02 21:58:59][info] 数据库连接成功
[2020-12-02 21:58:59][info] service创建成功
[2020-12-02 21:58:59][info] 程序成功启动
[2020-12-02 21:59:02][info] 用户[1]登录成功
[2020-12-02 22:01:10][info] 数据库连接成功
[2020-12-02 22:01:10][info] service创建成功
[2020-12-02 22:01:10][info] 程序成功启动
[2020-12-02 22:01:15][info] 用户[1]登录成功
[2020-12-02 22:02:51][info] 数据库连接成功
[2020-12-02 22:02:51][info] service创建成功
[2020-12-02 22:02:51][info] 程序成功启动
[2020-12-02 22:02:55][info] 用户[1]登录成功
