[2020-11-20 12:27:10][info] 数据库连接成功
[2020-11-20 12:27:10][info] service创建成功
[2020-11-20 12:27:10][info] 程序成功启动
[2020-11-20 12:27:16][info] 用户[admin]登录成功
[2020-11-20 12:30:30][info] 数据库连接成功
[2020-11-20 12:30:30][info] service创建成功
[2020-11-20 12:30:30][info] 程序成功启动
[2020-11-20 12:30:36][info] 用户[admin]登录成功
[2020-11-20 12:34:07][info] 数据库连接成功
[2020-11-20 12:34:07][info] service创建成功
[2020-11-20 12:34:07][info] 程序成功启动
[2020-11-20 12:34:14][info] 用户[admin]登录成功
[2020-11-20 12:39:06][info] 数据库连接成功
[2020-11-20 12:39:06][info] service创建成功
[2020-11-20 12:39:06][info] 程序成功启动
[2020-11-20 12:39:12][info] 用户[admin]登录成功
[2020-11-20 12:44:07][info] 数据库连接成功
[2020-11-20 12:44:07][info] service创建成功
[2020-11-20 12:44:07][info] 程序成功启动
[2020-11-20 12:44:19][info] 用户[admin]登录成功
[2020-11-20 12:45:04][info] 数据库连接成功
[2020-11-20 12:45:04][info] service创建成功
[2020-11-20 12:45:04][info] 程序成功启动
[2020-11-20 12:45:11][info] 用户[admin]登录成功
[2020-11-20 12:46:27][info] 数据库连接成功
[2020-11-20 12:46:27][info] service创建成功
[2020-11-20 12:46:27][info] 程序成功启动
[2020-11-20 12:46:34][info] 用户[1]注册成功
[2020-11-20 12:46:37][info] 用户[1]登录成功
[2020-11-20 12:51:29][info] 数据库连接成功
[2020-11-20 12:51:29][info] service创建成功
[2020-11-20 12:51:29][info] 程序成功启动
[2020-11-20 12:51:32][info] 用户[1]登录成功
[2020-11-20 12:51:52][info] 切断数据库连接
[2020-11-20 12:51:52][info] 程序成功关闭
[2020-11-20 12:54:11][info] 数据库连接成功
[2020-11-20 12:54:11][info] service创建成功
[2020-11-20 12:54:11][info] 程序成功启动
[2020-11-20 12:54:13][info] 用户[1]登录成功
[2020-11-20 12:55:55][info] 切断数据库连接
[2020-11-20 12:55:55][info] 程序成功关闭
[2020-11-20 12:56:13][info] 数据库连接成功
[2020-11-20 12:56:13][info] service创建成功
[2020-11-20 12:56:13][info] 程序成功启动
[2020-11-20 12:56:19][info] 用户[1]登录成功
[2020-11-20 12:57:20][info] 切断数据库连接
[2020-11-20 12:57:20][info] 程序成功关闭
[2020-11-20 12:57:53][info] 数据库连接成功
[2020-11-20 12:57:53][info] service创建成功
[2020-11-20 12:57:53][info] 程序成功启动
[2020-11-20 12:57:56][info] 用户[1]登录成功
[2020-11-20 12:59:18][info] 切断数据库连接
[2020-11-20 12:59:18][info] 程序成功关闭
[2020-11-20 14:40:30][info] 数据库连接成功
[2020-11-20 14:40:30][info] service创建成功
[2020-11-20 14:40:30][info] 程序成功启动
[2020-11-20 14:40:36][info] 用户[1]登录成功
[2020-11-20 14:41:15][info] 数据库连接成功
[2020-11-20 14:41:15][info] service创建成功
[2020-11-20 14:41:15][info] 程序成功启动
[2020-11-20 14:41:18][info] 用户[1]登录成功
[2020-11-20 14:43:14][info] 数据库连接成功
[2020-11-20 14:43:14][info] service创建成功
[2020-11-20 14:43:14][info] 程序成功启动
[2020-11-20 14:43:18][info] 用户[1]登录成功
[2020-11-20 14:44:31][info] 数据库连接成功
[2020-11-20 14:44:31][info] service创建成功
[2020-11-20 14:44:31][info] 程序成功启动
[2020-11-20 14:44:34][info] 用户[1]登录成功
[2020-11-20 14:47:47][info] 数据库连接成功
[2020-11-20 14:47:47][info] service创建成功
[2020-11-20 14:47:47][info] 程序成功启动
[2020-11-20 14:47:50][info] 用户[1]登录成功
[2020-11-20 14:59:20][info] 数据库连接成功
[2020-11-20 14:59:20][info] service创建成功
[2020-11-20 14:59:20][info] 程序成功启动
[2020-11-20 14:59:25][info] 用户[1]登录成功
[2020-11-20 14:59:47][info] 数据库连接成功
[2020-11-20 14:59:47][info] service创建成功
[2020-11-20 14:59:47][info] 程序成功启动
[2020-11-20 15:00:27][info] 数据库连接成功
[2020-11-20 15:00:27][info] service创建成功
[2020-11-20 15:00:27][info] 程序成功启动
[2020-11-20 15:00:30][info] 用户[1]登录成功
[2020-11-20 15:01:34][info] 切断数据库连接
[2020-11-20 15:01:34][info] 程序成功关闭
[2020-11-20 15:01:37][info] 数据库连接成功
[2020-11-20 15:01:37][info] service创建成功
[2020-11-20 15:01:37][info] 程序成功启动
[2020-11-20 15:01:44][info] 用户[1]登录成功
[2020-11-20 15:02:09][info] 切断数据库连接
[2020-11-20 15:02:09][info] 程序成功关闭
[2020-11-20 15:02:17][info] 数据库连接成功
[2020-11-20 15:02:17][info] service创建成功
[2020-11-20 15:02:17][info] 程序成功启动
[2020-11-20 15:02:20][info] 用户[1]登录成功
[2020-11-20 15:02:33][info] 切断数据库连接
[2020-11-20 15:02:33][info] 程序成功关闭
[2020-11-20 15:14:17][info] 数据库连接成功
[2020-11-20 15:14:17][info] service创建成功
[2020-11-20 15:14:17][info] 程序成功启动
[2020-11-20 15:14:20][info] 用户[1]登录成功
[2020-11-20 15:15:29][info] 数据库连接成功
[2020-11-20 15:15:29][info] service创建成功
[2020-11-20 15:15:29][info] 程序成功启动
[2020-11-20 15:15:31][info] 用户[1]登录成功
[2020-11-20 15:16:21][info] 数据库连接成功
[2020-11-20 15:16:21][info] service创建成功
[2020-11-20 15:16:21][info] 程序成功启动
[2020-11-20 15:16:26][info] 用户[1]登录成功
[2020-11-20 15:16:37][info] 切断数据库连接
[2020-11-20 15:16:37][info] 程序成功关闭
[2020-11-20 15:17:40][info] 数据库连接成功
[2020-11-20 15:17:40][info] service创建成功
[2020-11-20 15:17:40][info] 程序成功启动
[2020-11-20 15:17:43][info] 用户[1]登录成功
[2020-11-20 15:18:04][info] 切断数据库连接
[2020-11-20 15:18:04][info] 程序成功关闭
[2020-11-20 15:19:13][info] 数据库连接成功
[2020-11-20 15:19:13][info] service创建成功
[2020-11-20 15:19:13][info] 程序成功启动
[2020-11-20 15:19:16][info] 用户[1]登录成功
[2020-11-20 15:20:25][info] 数据库连接成功
[2020-11-20 15:20:25][info] service创建成功
[2020-11-20 15:20:25][info] 程序成功启动
[2020-11-20 15:20:28][info] 用户[1]登录成功
[2020-11-20 15:21:13][info] 数据库连接成功
[2020-11-20 15:21:13][info] service创建成功
[2020-11-20 15:21:13][info] 程序成功启动
[2020-11-20 15:21:16][info] 用户[1]登录成功
[2020-11-20 21:17:26][info] 数据库连接成功
[2020-11-20 21:17:26][info] service创建成功
[2020-11-20 21:17:26][info] 程序成功启动
[2020-11-20 21:17:29][info] 用户[1]登录成功
[2020-11-20 21:17:43][info] 切断数据库连接
[2020-11-20 21:17:43][info] 程序成功关闭
[2020-11-20 21:18:03][info] 数据库连接成功
[2020-11-20 21:18:03][info] service创建成功
[2020-11-20 21:18:03][info] 程序成功启动
[2020-11-20 21:18:06][info] 用户[1]登录成功
[2020-11-20 21:18:17][info] 切断数据库连接
[2020-11-20 21:18:17][info] 程序成功关闭
[2020-11-20 21:18:23][info] 数据库连接成功
[2020-11-20 21:18:23][info] service创建成功
[2020-11-20 21:18:23][info] 程序成功启动
[2020-11-20 21:18:25][info] 用户[1]登录成功
[2020-11-20 21:18:36][info] 切断数据库连接
[2020-11-20 21:18:36][info] 程序成功关闭
[2020-11-20 22:06:30][info] 数据库连接成功
[2020-11-20 22:06:30][info] service创建成功
[2020-11-20 22:06:30][info] 程序成功启动
[2020-11-20 22:06:34][info] 用户[1]登录成功
[2020-11-20 22:10:20][info] 数据库连接成功
[2020-11-20 22:10:20][info] service创建成功
[2020-11-20 22:10:20][info] 程序成功启动
[2020-11-20 22:10:43][info] 用户[1]登录成功
[2020-11-20 22:12:59][info] 数据库连接成功
[2020-11-20 22:12:59][info] service创建成功
[2020-11-20 22:12:59][info] 程序成功启动
[2020-11-20 22:13:27][info] 用户[1]登录成功
[2020-11-20 22:13:41][info] 数据库连接成功
[2020-11-20 22:13:41][info] service创建成功
[2020-11-20 22:13:41][info] 程序成功启动
[2020-11-20 22:13:47][info] 用户[1]登录成功
[2020-11-20 22:14:04][info] 数据库连接成功
[2020-11-20 22:14:04][info] service创建成功
[2020-11-20 22:14:04][info] 程序成功启动
[2020-11-20 22:14:06][info] 用户[1]登录成功
[2020-11-20 22:14:13][info] 切断数据库连接
[2020-11-20 22:14:13][info] 程序成功关闭
