[2020-11-21 10:48:11][info] 数据库连接成功
[2020-11-21 10:48:11][info] service创建成功
[2020-11-21 10:48:11][info] 程序成功启动
[2020-11-21 10:48:15][info] 用户[1]登录成功
[2020-11-21 10:56:45][info] 数据库连接成功
[2020-11-21 10:56:45][info] service创建成功
[2020-11-21 10:56:45][info] 程序成功启动
[2020-11-21 10:56:51][info] 用户[1]登录成功
[2020-11-21 10:58:02][info] 数据库连接成功
[2020-11-21 10:58:02][info] service创建成功
[2020-11-21 10:58:02][info] 程序成功启动
[2020-11-21 10:58:07][info] 用户[1]登录成功
[2020-11-21 10:58:47][info] 数据库连接成功
[2020-11-21 10:58:47][info] service创建成功
[2020-11-21 10:58:47][info] 程序成功启动
[2020-11-21 10:58:50][info] 用户[1]登录成功
[2020-11-21 11:00:22][info] 数据库连接成功
[2020-11-21 11:00:22][info] service创建成功
[2020-11-21 11:00:22][info] 程序成功启动
[2020-11-21 11:00:26][info] 用户[1]登录成功
[2020-11-21 11:20:14][info] 数据库连接成功
[2020-11-21 11:20:14][info] service创建成功
[2020-11-21 11:20:14][info] 程序成功启动
[2020-11-21 11:20:20][info] 用户[1]登录成功
[2020-11-21 11:21:01][info] 切断数据库连接
[2020-11-21 11:21:01][info] 程序成功关闭
[2020-11-21 11:23:18][info] 数据库连接成功
[2020-11-21 11:23:18][info] service创建成功
[2020-11-21 11:23:18][info] 程序成功启动
[2020-11-21 11:23:21][info] 用户[1]登录成功
[2020-11-21 13:29:28][info] 数据库连接成功
[2020-11-21 13:29:28][info] service创建成功
[2020-11-21 13:29:28][info] 程序成功启动
[2020-11-21 13:29:32][info] 用户[1]登录成功
[2020-11-21 13:30:04][info] 数据库连接成功
[2020-11-21 13:30:04][info] service创建成功
[2020-11-21 13:30:04][info] 程序成功启动
[2020-11-21 13:33:06][info] 用户[1]登录成功
[2020-11-21 13:33:48][info] 切断数据库连接
[2020-11-21 13:33:48][info] 程序成功关闭
[2020-11-21 13:34:14][info] 数据库连接成功
[2020-11-21 13:34:14][info] service创建成功
[2020-11-21 13:34:14][info] 程序成功启动
[2020-11-21 13:34:17][info] 用户[1]登录成功
[2020-11-21 13:35:25][info] 数据库连接成功
[2020-11-21 13:35:25][info] service创建成功
[2020-11-21 13:35:25][info] 程序成功启动
[2020-11-21 13:35:28][info] 用户[1]登录成功
[2020-11-21 13:38:16][info] 切断数据库连接
[2020-11-21 13:38:16][info] 程序成功关闭
[2020-11-21 13:59:59][info] 数据库连接成功
[2020-11-21 13:59:59][info] service创建成功
[2020-11-21 13:59:59][info] 程序成功启动
[2020-11-21 14:00:01][info] 切断数据库连接
[2020-11-21 14:00:01][info] 程序成功关闭
[2020-11-21 14:01:29][info] 数据库连接成功
[2020-11-21 14:01:29][info] service创建成功
[2020-11-21 14:01:29][info] 程序成功启动
[2020-11-21 14:01:32][info] 用户[1]登录成功
[2020-11-21 14:02:05][info] 切断数据库连接
[2020-11-21 14:02:05][info] 程序成功关闭
[2020-11-21 14:02:09][info] 数据库连接成功
[2020-11-21 14:02:09][info] service创建成功
[2020-11-21 14:02:09][info] 程序成功启动
[2020-11-21 14:02:10][info] 切断数据库连接
[2020-11-21 14:02:10][info] 程序成功关闭
[2020-11-21 14:03:01][info] 数据库连接成功
[2020-11-21 14:03:01][info] service创建成功
[2020-11-21 14:03:01][info] 程序成功启动
[2020-11-21 14:03:07][info] 用户[1]登录成功
[2020-11-21 14:04:04][info] 切断数据库连接
[2020-11-21 14:04:04][info] 程序成功关闭
[2020-11-21 14:04:31][info] 数据库连接成功
[2020-11-21 14:04:31][info] service创建成功
[2020-11-21 14:04:31][info] 程序成功启动
[2020-11-21 14:04:40][info] 用户[1]登录成功
[2020-11-21 14:08:58][info] 数据库连接成功
[2020-11-21 14:08:58][info] service创建成功
[2020-11-21 14:08:58][info] 程序成功启动
[2020-11-21 14:09:00][info] 切断数据库连接
[2020-11-21 14:09:00][info] 程序成功关闭
[2020-11-21 14:10:22][info] 数据库连接成功
[2020-11-21 14:10:23][info] service创建成功
[2020-11-21 14:10:23][info] 程序成功启动
[2020-11-21 14:10:25][info] 用户[1]登录成功
[2020-11-21 14:10:57][info] 数据库连接成功
[2020-11-21 14:10:57][info] service创建成功
[2020-11-21 14:10:57][info] 程序成功启动
[2020-11-21 14:11:01][info] 用户[1]登录成功
[2020-11-21 14:16:21][info] 数据库连接成功
[2020-11-21 14:16:21][info] service创建成功
[2020-11-21 14:16:21][info] 程序成功启动
[2020-11-21 14:16:26][info] 用户[1]登录成功
[2020-11-21 14:17:50][info] 切断数据库连接
[2020-11-21 14:17:50][info] 程序成功关闭
[2020-11-21 14:20:07][info] 数据库连接成功
[2020-11-21 14:20:07][info] service创建成功
[2020-11-21 14:20:07][info] 程序成功启动
[2020-11-21 14:20:11][info] 用户[1]登录成功
[2020-11-21 14:22:57][info] 数据库连接成功
[2020-11-21 14:22:57][info] service创建成功
[2020-11-21 14:22:57][info] 程序成功启动
[2020-11-21 14:23:04][info] 用户[1]登录成功
[2020-11-21 14:23:25][info] 切断数据库连接
[2020-11-21 14:23:25][info] 程序成功关闭
[2020-11-21 14:24:35][info] 数据库连接成功
[2020-11-21 14:24:35][info] service创建成功
[2020-11-21 14:24:35][info] 程序成功启动
[2020-11-21 14:24:40][info] 用户[1]登录成功
[2020-11-21 14:28:16][info] 数据库连接成功
[2020-11-21 14:28:16][info] service创建成功
[2020-11-21 14:28:16][info] 程序成功启动
[2020-11-21 14:28:19][info] 用户[1]登录成功
[2020-11-21 14:48:59][info] 数据库连接成功
[2020-11-21 14:48:59][info] service创建成功
[2020-11-21 14:48:59][info] 程序成功启动
[2020-11-21 14:49:02][info] 用户[1]登录成功
[2020-11-21 14:49:28][info] 数据库连接成功
[2020-11-21 14:49:28][info] service创建成功
[2020-11-21 14:49:28][info] 程序成功启动
[2020-11-21 14:49:29][info] 切断数据库连接
[2020-11-21 14:49:29][info] 程序成功关闭
[2020-11-21 14:50:22][info] 数据库连接成功
[2020-11-21 14:50:22][info] service创建成功
[2020-11-21 14:50:22][info] 程序成功启动
[2020-11-21 14:50:25][info] 用户[1]登录成功
[2020-11-21 14:51:15][info] 数据库连接成功
[2020-11-21 14:51:15][info] service创建成功
[2020-11-21 14:51:15][info] 程序成功启动
[2020-11-21 14:51:23][info] 用户[1]登录成功
[2020-11-21 15:03:12][info] 数据库连接成功
[2020-11-21 15:03:12][info] service创建成功
[2020-11-21 15:03:12][info] 程序成功启动
[2020-11-21 15:03:17][info] 用户[1]登录成功
[2020-11-21 15:10:40][info] 数据库连接成功
[2020-11-21 15:10:40][info] service创建成功
[2020-11-21 15:10:40][info] 程序成功启动
[2020-11-21 15:10:45][info] 用户[1]登录成功
[2020-11-21 15:13:03][info] 数据库连接成功
[2020-11-21 15:13:03][info] service创建成功
[2020-11-21 15:13:03][info] 程序成功启动
[2020-11-21 15:13:05][info] 用户[1]登录成功
[2020-11-21 15:26:11][info] 数据库连接成功
[2020-11-21 15:26:11][info] service创建成功
[2020-11-21 15:26:11][info] 程序成功启动
[2020-11-21 15:26:14][info] 用户[1]登录成功
[2020-11-21 15:27:26][info] 数据库连接成功
[2020-11-21 15:27:26][info] service创建成功
[2020-11-21 15:27:26][info] 程序成功启动
[2020-11-21 15:27:43][info] 用户[1]登录成功
[2020-11-21 15:53:03][info] 数据库连接成功
[2020-11-21 15:53:03][info] service创建成功
[2020-11-21 15:53:03][info] 程序成功启动
[2020-11-21 15:53:06][info] 用户[1]登录成功
[2020-11-21 15:58:08][info] 数据库连接成功
[2020-11-21 15:58:08][info] service创建成功
[2020-11-21 15:58:08][info] 程序成功启动
[2020-11-21 15:58:32][info] 数据库连接成功
[2020-11-21 15:58:32][info] service创建成功
[2020-11-21 15:58:32][info] 程序成功启动
[2020-11-21 15:58:44][info] 用户[1]登录成功
[2020-11-21 15:59:52][info] 切断数据库连接
[2020-11-21 15:59:52][info] 程序成功关闭
[2020-11-21 16:03:13][info] 数据库连接成功
[2020-11-21 16:03:13][info] service创建成功
[2020-11-21 16:03:13][info] 程序成功启动
[2020-11-21 16:03:15][info] 用户[1]登录成功
[2020-11-21 16:04:33][info] 切断数据库连接
[2020-11-21 16:04:33][info] 程序成功关闭
[2020-11-21 16:31:26][info] 数据库连接成功
[2020-11-21 16:31:26][info] service创建成功
[2020-11-21 16:31:26][info] 程序成功启动
[2020-11-21 16:31:29][info] 用户[1]登录成功
[2020-11-21 16:36:29][info] 数据库连接成功
[2020-11-21 16:36:29][info] service创建成功
[2020-11-21 16:36:29][info] 程序成功启动
[2020-11-21 16:36:32][info] 用户[1]登录成功
[2020-11-21 16:39:35][info] 数据库连接成功
[2020-11-21 16:39:35][info] service创建成功
[2020-11-21 16:39:35][info] 程序成功启动
[2020-11-21 16:39:42][info] 用户[1]登录成功
[2020-11-21 16:43:45][info] 成绩上传成功
[2020-11-21 16:43:45][info] 切断数据库连接
[2020-11-21 16:43:45][info] 程序成功关闭
[2020-11-21 16:47:17][info] 数据库连接成功
[2020-11-21 16:47:17][info] service创建成功
[2020-11-21 16:47:17][info] 程序成功启动
[2020-11-21 16:47:20][info] 用户[1]登录成功
[2020-11-21 16:47:36][info] 成绩上传成功
[2020-11-21 16:47:36][info] 切断数据库连接
[2020-11-21 16:47:36][info] 程序成功关闭
[2020-11-21 16:48:48][info] 数据库连接成功
[2020-11-21 16:48:48][info] service创建成功
[2020-11-21 16:48:48][info] 程序成功启动
[2020-11-21 16:48:51][info] 用户[1]登录成功
[2020-11-21 17:00:51][info] 数据库连接成功
[2020-11-21 17:00:51][info] service创建成功
[2020-11-21 17:00:51][info] 程序成功启动
[2020-11-21 17:00:53][info] 用户[1]登录成功
[2020-11-21 17:13:31][info] 数据库连接成功
[2020-11-21 17:13:31][info] service创建成功
[2020-11-21 17:13:31][info] 程序成功启动
[2020-11-21 17:13:35][info] 用户[1]登录成功
[2020-11-21 17:20:38][info] 用户[1]登录成功
[2020-11-21 17:21:43][info] 数据库连接成功
[2020-11-21 17:21:43][info] service创建成功
[2020-11-21 17:21:43][info] 程序成功启动
[2020-11-21 17:21:56][info] 用户[1]登录成功
[2020-11-21 17:22:12][info] 数据库连接成功
[2020-11-21 17:22:12][info] service创建成功
[2020-11-21 17:22:12][info] 程序成功启动
[2020-11-21 17:22:15][info] 用户[1]登录成功
[2020-11-21 17:22:26][info] 成绩上传成功
[2020-11-21 17:22:26][info] 切断数据库连接
[2020-11-21 17:22:26][info] 程序成功关闭
[2020-11-21 17:29:00][info] 数据库连接成功
[2020-11-21 17:29:00][info] service创建成功
[2020-11-21 17:29:00][info] 程序成功启动
[2020-11-21 17:31:00][info] 数据库连接成功
[2020-11-21 17:31:00][info] service创建成功
[2020-11-21 17:31:00][info] 程序成功启动
[2020-11-21 17:31:02][warn] 上传成绩时发生异常
[2020-11-21 17:31:02][info] 切断数据库连接
[2020-11-21 17:31:02][info] 程序成功关闭
[2020-11-21 17:32:21][info] 数据库连接成功
[2020-11-21 17:32:21][info] service创建成功
[2020-11-21 17:32:21][info] 程序成功启动
[2020-11-21 17:34:29][info] 数据库连接成功
[2020-11-21 17:34:29][info] service创建成功
[2020-11-21 17:34:29][info] 程序成功启动
[2020-11-21 17:34:38][warn] 上传成绩时发生异常
[2020-11-21 17:34:38][info] 切断数据库连接
[2020-11-21 17:34:38][info] 程序成功关闭
[2020-11-21 17:35:39][info] 数据库连接成功
[2020-11-21 17:35:39][info] service创建成功
[2020-11-21 17:35:39][info] 程序成功启动
[2020-11-21 17:37:25][info] 数据库连接成功
[2020-11-21 17:37:25][info] service创建成功
[2020-11-21 17:37:25][info] 程序成功启动
[2020-11-21 17:37:27][info] 切断数据库连接
[2020-11-21 17:37:27][info] 程序成功关闭
[2020-11-21 17:38:18][info] 数据库连接成功
[2020-11-21 17:38:18][info] service创建成功
[2020-11-21 17:38:18][info] 程序成功启动
[2020-11-21 17:38:20][info] 切断数据库连接
[2020-11-21 17:38:20][info] 程序成功关闭
[2020-11-21 17:42:59][info] 数据库连接成功
[2020-11-21 17:42:59][info] service创建成功
[2020-11-21 17:42:59][info] 程序成功启动
[2020-11-21 17:43:07][info] 数据库连接成功
[2020-11-21 17:43:07][info] service创建成功
[2020-11-21 17:43:07][info] 程序成功启动
[2020-11-21 17:43:20][info] 数据库连接成功
[2020-11-21 17:43:20][info] service创建成功
[2020-11-21 17:43:20][info] 程序成功启动
[2020-11-21 17:45:45][info] 数据库连接成功
[2020-11-21 17:45:45][info] service创建成功
[2020-11-21 17:45:45][info] 程序成功启动
[2020-11-21 17:48:05][info] 数据库连接成功
[2020-11-21 17:48:05][info] service创建成功
[2020-11-21 17:48:05][info] 程序成功启动
[2020-11-21 17:48:14][info] 数据库连接成功
[2020-11-21 17:48:14][info] service创建成功
[2020-11-21 17:48:14][info] 程序成功启动
[2020-11-21 17:48:22][info] 数据库连接成功
[2020-11-21 17:48:22][info] service创建成功
[2020-11-21 17:48:22][info] 程序成功启动
[2020-11-21 17:48:30][info] 数据库连接成功
[2020-11-21 17:48:30][info] service创建成功
[2020-11-21 17:48:30][info] 程序成功启动
[2020-11-21 17:49:16][info] 数据库连接成功
[2020-11-21 17:49:16][info] service创建成功
[2020-11-21 17:49:16][info] 程序成功启动
[2020-11-21 17:49:18][info] 切断数据库连接
[2020-11-21 17:49:18][info] 程序成功关闭
[2020-11-21 17:49:24][info] 数据库连接成功
[2020-11-21 17:49:24][info] service创建成功
[2020-11-21 17:49:24][info] 程序成功启动
[2020-11-21 17:49:41][info] 数据库连接成功
[2020-11-21 17:49:41][info] service创建成功
[2020-11-21 17:49:41][info] 程序成功启动
[2020-11-21 17:49:43][info] 切断数据库连接
[2020-11-21 17:49:43][info] 程序成功关闭
[2020-11-21 17:49:49][info] 数据库连接成功
[2020-11-21 17:49:49][info] service创建成功
[2020-11-21 17:49:49][info] 程序成功启动
[2020-11-21 17:50:01][info] 数据库连接成功
[2020-11-21 17:50:01][info] service创建成功
[2020-11-21 17:50:01][info] 程序成功启动
[2020-11-21 17:50:03][info] 切断数据库连接
[2020-11-21 17:50:03][info] 程序成功关闭
[2020-11-21 17:50:09][info] 数据库连接成功
[2020-11-21 17:50:09][info] service创建成功
[2020-11-21 17:50:09][info] 程序成功启动
[2020-11-21 17:50:11][info] 切断数据库连接
[2020-11-21 17:50:11][info] 程序成功关闭
[2020-11-21 17:50:18][info] 数据库连接成功
[2020-11-21 17:50:18][info] service创建成功
[2020-11-21 17:50:18][info] 程序成功启动
[2020-11-21 17:51:34][info] 数据库连接成功
[2020-11-21 17:51:34][info] service创建成功
[2020-11-21 17:51:34][info] 程序成功启动
[2020-11-21 17:51:44][info] 数据库连接成功
[2020-11-21 17:51:44][info] service创建成功
[2020-11-21 17:51:44][info] 程序成功启动
[2020-11-21 17:52:18][info] 数据库连接成功
[2020-11-21 17:52:18][info] service创建成功
[2020-11-21 17:52:18][info] 程序成功启动
[2020-11-21 17:52:20][info] 切断数据库连接
[2020-11-21 17:52:20][info] 程序成功关闭
[2020-11-21 17:52:34][info] 数据库连接成功
[2020-11-21 17:52:34][info] service创建成功
[2020-11-21 17:52:34][info] 程序成功启动
[2020-11-21 17:52:36][info] 切断数据库连接
[2020-11-21 17:52:36][info] 程序成功关闭
[2020-11-21 17:52:45][info] 数据库连接成功
[2020-11-21 17:52:45][info] service创建成功
[2020-11-21 17:52:45][info] 程序成功启动
[2020-11-21 17:52:47][info] 切断数据库连接
[2020-11-21 17:52:47][info] 程序成功关闭
[2020-11-21 17:52:57][info] 数据库连接成功
[2020-11-21 17:52:57][info] service创建成功
[2020-11-21 17:52:57][info] 程序成功启动
[2020-11-21 17:52:59][info] 切断数据库连接
[2020-11-21 17:52:59][info] 程序成功关闭
[2020-11-21 17:53:32][info] 数据库连接成功
[2020-11-21 17:53:32][info] service创建成功
[2020-11-21 17:53:32][info] 程序成功启动
[2020-11-21 17:57:39][info] 数据库连接成功
[2020-11-21 17:57:39][info] service创建成功
[2020-11-21 17:57:39][info] 程序成功启动
[2020-11-21 17:57:44][info] 切断数据库连接
[2020-11-21 17:57:44][info] 程序成功关闭
[2020-11-21 17:57:55][info] 数据库连接成功
[2020-11-21 17:57:55][info] service创建成功
[2020-11-21 17:57:55][info] 程序成功启动
[2020-11-21 18:01:38][info] 切断数据库连接
[2020-11-21 18:01:38][info] 程序成功关闭
[2020-11-21 18:01:45][info] 数据库连接成功
[2020-11-21 18:01:45][info] service创建成功
[2020-11-21 18:01:45][info] 程序成功启动
[2020-11-21 18:01:47][info] 切断数据库连接
[2020-11-21 18:01:47][info] 程序成功关闭
[2020-11-21 18:02:01][info] 数据库连接成功
[2020-11-21 18:02:02][info] service创建成功
[2020-11-21 18:02:02][info] 程序成功启动
[2020-11-21 18:02:10][info] 切断数据库连接
[2020-11-21 18:02:10][info] 程序成功关闭
[2020-11-21 18:02:15][info] 数据库连接成功
[2020-11-21 18:02:15][info] service创建成功
[2020-11-21 18:02:15][info] 程序成功启动
[2020-11-21 18:02:18][info] 切断数据库连接
[2020-11-21 18:02:18][info] 程序成功关闭
[2020-11-21 18:02:51][info] 数据库连接成功
[2020-11-21 18:02:51][info] service创建成功
[2020-11-21 18:02:51][info] 程序成功启动
[2020-11-21 18:02:54][info] 切断数据库连接
[2020-11-21 18:02:54][info] 程序成功关闭
[2020-11-21 23:32:35][info] 数据库连接成功
[2020-11-21 23:32:35][info] service创建成功
[2020-11-21 23:32:35][info] 程序成功启动
[2020-11-21 23:32:38][info] 切断数据库连接
[2020-11-21 23:32:38][info] 程序成功关闭
[2020-11-21 23:33:58][info] 数据库连接成功
[2020-11-21 23:33:58][info] service创建成功
[2020-11-21 23:33:58][info] 程序成功启动
[2020-11-21 23:34:12][info] 数据库连接成功
[2020-11-21 23:34:12][info] service创建成功
[2020-11-21 23:34:12][info] 程序成功启动
[2020-11-21 23:34:15][info] 切断数据库连接
[2020-11-21 23:34:15][info] 程序成功关闭
[2020-11-21 23:34:57][info] 数据库连接成功
[2020-11-21 23:34:57][info] service创建成功
[2020-11-21 23:34:57][info] 程序成功启动
[2020-11-21 23:35:35][info] 数据库连接成功
[2020-11-21 23:35:35][info] service创建成功
[2020-11-21 23:35:35][info] 程序成功启动
[2020-11-21 23:36:44][info] 数据库连接成功
[2020-11-21 23:36:44][info] service创建成功
[2020-11-21 23:36:44][info] 程序成功启动
[2020-11-21 23:36:54][info] 数据库连接成功
[2020-11-21 23:36:54][info] service创建成功
[2020-11-21 23:36:54][info] 程序成功启动
[2020-11-21 23:37:14][info] 切断数据库连接
[2020-11-21 23:37:14][info] 程序成功关闭
