[2020-11-30 16:25:35][info] 数据库连接成功
[2020-11-30 16:25:35][info] service创建成功
[2020-11-30 16:25:35][info] 程序成功启动
[2020-11-30 16:25:38][info] 用户[1]登录成功
[2020-11-30 16:29:34][info] 数据库连接成功
[2020-11-30 16:29:34][info] service创建成功
[2020-11-30 16:29:34][info] 程序成功启动
[2020-11-30 16:29:36][info] 用户[1]登录成功
[2020-11-30 16:36:25][info] 用户[1]成绩上传成功
[2020-11-30 16:36:25][info] 用户[1]登出成功
[2020-11-30 16:36:25][info] 切断数据库连接
[2020-11-30 16:36:25][info] 程序成功关闭
[2020-11-30 16:38:07][info] 数据库连接成功
[2020-11-30 16:38:07][info] service创建成功
[2020-11-30 16:38:07][info] 程序成功启动
[2020-11-30 16:38:59][info] 用户[1]登录成功
[2020-11-30 16:39:10][info] 用户[1]成绩上传成功
[2020-11-30 16:39:10][info] 用户[1]登出成功
[2020-11-30 16:39:19][info] 用户[1]登录成功
[2020-11-30 16:39:23][info] 用户[1]成绩上传成功
[2020-11-30 16:39:23][info] 用户[1]登出成功
[2020-11-30 16:58:22][info] 数据库连接成功
[2020-11-30 16:58:22][info] service创建成功
[2020-11-30 16:58:22][info] 程序成功启动
[2020-11-30 16:58:28][info] 用户[1]登录成功
[2020-11-30 16:58:41][info] 用户[1]成绩上传成功
[2020-11-30 16:58:41][info] 用户[1]登出成功
[2020-11-30 17:00:09][info] 数据库连接成功
[2020-11-30 17:00:09][info] service创建成功
[2020-11-30 17:00:09][info] 程序成功启动
[2020-11-30 17:00:39][info] 用户[1]登录成功
[2020-11-30 17:02:29][info] 数据库连接成功
[2020-11-30 17:02:29][info] service创建成功
[2020-11-30 17:02:29][info] 程序成功启动
[2020-11-30 17:02:32][info] 用户[1]登录成功
[2020-11-30 17:04:36][info] 数据库连接成功
[2020-11-30 17:04:36][info] service创建成功
[2020-11-30 17:04:36][info] 程序成功启动
[2020-11-30 17:04:39][info] 用户[1]登录成功
[2020-11-30 17:05:00][info] 数据库连接成功
[2020-11-30 17:05:00][info] service创建成功
[2020-11-30 17:05:00][info] 程序成功启动
[2020-11-30 17:05:03][info] 用户[1]登录成功
[2020-11-30 17:05:44][info] 数据库连接成功
[2020-11-30 17:05:44][info] service创建成功
[2020-11-30 17:05:44][info] 程序成功启动
[2020-11-30 17:05:47][info] 用户[1]登录成功
[2020-11-30 17:06:17][info] 数据库连接成功
[2020-11-30 17:06:17][info] service创建成功
[2020-11-30 17:06:17][info] 程序成功启动
[2020-11-30 17:06:19][info] 用户[1]登录成功
[2020-11-30 17:07:11][info] 数据库连接成功
[2020-11-30 17:07:11][info] service创建成功
[2020-11-30 17:07:11][info] 程序成功启动
[2020-11-30 17:07:18][info] 用户[1]登录成功
[2020-11-30 17:07:28][info] 用户[1]成绩上传成功
[2020-11-30 17:07:28][info] 用户[1]登出成功
[2020-11-30 17:07:28][info] 切断数据库连接
[2020-11-30 17:07:28][info] 程序成功关闭
[2020-11-30 17:07:42][info] 数据库连接成功
[2020-11-30 17:07:42][info] service创建成功
[2020-11-30 17:07:42][info] 程序成功启动
[2020-11-30 17:07:45][info] 用户[1]登录成功
[2020-11-30 17:08:56][info] 数据库连接成功
[2020-11-30 17:08:56][info] service创建成功
[2020-11-30 17:08:56][info] 程序成功启动
[2020-11-30 17:10:32][info] 数据库连接成功
[2020-11-30 17:10:32][info] service创建成功
[2020-11-30 17:10:32][info] 程序成功启动
[2020-11-30 17:10:35][info] 切断数据库连接
[2020-11-30 17:10:35][info] 程序成功关闭
[2020-11-30 17:11:01][info] 数据库连接成功
[2020-11-30 17:11:01][info] service创建成功
[2020-11-30 17:11:01][info] 程序成功启动
[2020-11-30 17:11:03][info] 用户[1]登录成功
[2020-11-30 17:12:01][info] 数据库连接成功
[2020-11-30 17:12:01][info] service创建成功
[2020-11-30 17:12:01][info] 程序成功启动
[2020-11-30 17:12:05][info] 用户[1]登录成功
[2020-11-30 17:12:40][info] 数据库连接成功
[2020-11-30 17:12:40][info] service创建成功
[2020-11-30 17:12:40][info] 程序成功启动
[2020-11-30 17:12:45][info] 用户[1]登录成功
[2020-11-30 17:13:44][info] 数据库连接成功
[2020-11-30 17:13:44][info] service创建成功
[2020-11-30 17:13:44][info] 程序成功启动
[2020-11-30 17:13:47][info] 用户[1]登录成功
[2020-11-30 17:20:11][info] 数据库连接成功
[2020-11-30 17:20:11][info] service创建成功
[2020-11-30 17:20:11][info] 程序成功启动
[2020-11-30 17:20:13][info] 用户[1]登录成功
[2020-11-30 17:33:44][info] 数据库连接成功
[2020-11-30 17:33:44][info] service创建成功
[2020-11-30 17:33:44][info] 程序成功启动
[2020-11-30 17:33:47][info] 用户[1]登录成功
[2020-11-30 17:35:17][info] 数据库连接成功
[2020-11-30 17:35:17][info] service创建成功
[2020-11-30 17:35:17][info] 程序成功启动
[2020-11-30 17:35:20][info] 用户[1]登录成功
[2020-11-30 17:36:21][info] 数据库连接成功
[2020-11-30 17:36:21][info] service创建成功
[2020-11-30 17:36:21][info] 程序成功启动
[2020-11-30 17:36:24][info] 用户[1]登录成功
[2020-11-30 17:37:04][info] 数据库连接成功
[2020-11-30 17:37:04][info] service创建成功
[2020-11-30 17:37:04][info] 程序成功启动
[2020-11-30 17:37:06][info] 用户[1]登录成功
[2020-11-30 17:37:25][info] 数据库连接成功
[2020-11-30 17:37:25][info] service创建成功
[2020-11-30 17:37:25][info] 程序成功启动
[2020-11-30 17:37:28][info] 用户[1]登录成功
[2020-11-30 17:55:42][info] 数据库连接成功
[2020-11-30 17:55:42][info] service创建成功
[2020-11-30 17:55:42][info] 程序成功启动
[2020-11-30 17:55:44][info] 用户[1]登录成功
[2020-11-30 17:57:21][info] 用户[1]成绩上传成功
[2020-11-30 17:57:21][info] 用户[1]登出成功
[2020-11-30 17:57:25][info] 用户[1]登录成功
[2020-11-30 17:57:40][info] 用户[1]成绩上传成功
[2020-11-30 17:57:40][info] 用户[1]登出成功
[2020-11-30 17:57:40][info] 切断数据库连接
[2020-11-30 17:57:40][info] 程序成功关闭
[2020-11-30 17:57:44][info] 数据库连接成功
[2020-11-30 17:57:44][info] service创建成功
[2020-11-30 17:57:44][info] 程序成功启动
[2020-11-30 17:57:47][info] 用户[1]登录成功
[2020-11-30 17:58:16][info] 数据库连接成功
[2020-11-30 17:58:16][info] service创建成功
[2020-11-30 17:58:16][info] 程序成功启动
[2020-11-30 17:58:19][info] 用户[1]登录成功
[2020-11-30 17:58:35][info] 用户[1]成绩上传成功
[2020-11-30 17:58:35][info] 用户[1]登出成功
[2020-11-30 17:58:35][info] 切断数据库连接
[2020-11-30 17:58:35][info] 程序成功关闭
[2020-11-30 18:24:38][info] 数据库连接成功
[2020-11-30 18:24:38][info] service创建成功
[2020-11-30 18:24:38][info] 程序成功启动
[2020-11-30 18:24:40][info] 用户[1]登录成功
[2020-11-30 18:29:22][info] 数据库连接成功
[2020-11-30 18:29:22][info] service创建成功
[2020-11-30 18:29:22][info] 程序成功启动
[2020-11-30 18:29:27][info] 用户[1]登录成功
[2020-11-30 18:43:14][info] 数据库连接成功
[2020-11-30 18:43:14][info] service创建成功
[2020-11-30 18:43:14][info] 程序成功启动
[2020-11-30 18:43:16][info] 用户[1]登录成功
[2020-11-30 18:48:01][info] 用户[1]成绩上传成功
[2020-11-30 18:48:01][info] 用户[1]登出成功
[2020-11-30 18:48:01][info] 切断数据库连接
[2020-11-30 18:48:01][info] 程序成功关闭
[2020-11-30 18:48:05][info] 数据库连接成功
[2020-11-30 18:48:05][info] service创建成功
[2020-11-30 18:48:05][info] 程序成功启动
[2020-11-30 18:48:08][info] 用户[1]登录成功
[2020-11-30 18:51:05][info] 数据库连接成功
[2020-11-30 18:51:05][info] service创建成功
[2020-11-30 18:51:05][info] 程序成功启动
[2020-11-30 18:51:13][info] 用户[1]登录成功
[2020-11-30 18:51:36][info] 数据库连接成功
[2020-11-30 18:51:36][info] service创建成功
[2020-11-30 18:51:36][info] 程序成功启动
[2020-11-30 18:51:38][info] 用户[1]登录成功
[2020-11-30 18:57:00][info] 数据库连接成功
[2020-11-30 18:57:00][info] service创建成功
[2020-11-30 18:57:00][info] 程序成功启动
[2020-11-30 18:57:02][info] 用户[1]登录成功
[2020-11-30 19:25:33][info] 数据库连接成功
[2020-11-30 19:25:33][info] service创建成功
[2020-11-30 19:25:33][info] 程序成功启动
[2020-11-30 19:25:35][info] 用户[1]登录成功
[2020-11-30 19:27:08][info] 数据库连接成功
[2020-11-30 19:27:08][info] service创建成功
[2020-11-30 19:27:08][info] 程序成功启动
[2020-11-30 19:27:10][info] 用户[1]登录成功
[2020-11-30 19:32:05][info] 数据库连接成功
[2020-11-30 19:32:05][info] service创建成功
[2020-11-30 19:32:05][info] 程序成功启动
[2020-11-30 19:32:06][info] 数据库连接成功
[2020-11-30 19:32:06][info] service创建成功
[2020-11-30 19:32:06][info] 程序成功启动
[2020-11-30 19:32:10][info] 数据库连接成功
[2020-11-30 19:32:10][info] service创建成功
[2020-11-30 19:32:10][info] 程序成功启动
[2020-11-30 19:32:13][info] 用户[1]登录成功
[2020-11-30 19:34:40][info] 数据库连接成功
[2020-11-30 19:34:40][info] service创建成功
[2020-11-30 19:34:40][info] 程序成功启动
[2020-11-30 19:35:27][info] 用户[1]登录成功
[2020-11-30 19:36:27][info] 数据库连接成功
[2020-11-30 19:36:27][info] service创建成功
[2020-11-30 19:36:27][info] 程序成功启动
[2020-11-30 19:36:31][info] 用户[1]登录成功
[2020-11-30 20:05:39][info] 数据库连接成功
[2020-11-30 20:05:39][info] service创建成功
[2020-11-30 20:05:39][info] 程序成功启动
[2020-11-30 20:05:42][info] 用户[1]登录成功
[2020-11-30 20:09:12][info] 数据库连接成功
[2020-11-30 20:09:12][info] service创建成功
[2020-11-30 20:09:12][info] 程序成功启动
[2020-11-30 20:09:28][info] 用户[1]登录成功
[2020-11-30 20:12:29][info] 数据库连接成功
[2020-11-30 20:12:29][info] service创建成功
[2020-11-30 20:12:29][info] 程序成功启动
[2020-11-30 20:12:48][info] 用户[1]登录成功
[2020-11-30 20:14:29][info] 用户[1]成绩上传成功
[2020-11-30 20:14:29][info] 用户[1]登出成功
[2020-11-30 20:16:48][info] 数据库连接成功
[2020-11-30 20:16:48][info] service创建成功
[2020-11-30 20:16:48][info] 程序成功启动
[2020-11-30 20:16:50][info] 用户[1]登录成功
[2020-11-30 20:17:23][info] 用户[1]成绩上传成功
[2020-11-30 20:17:23][info] 用户[1]登出成功
[2020-11-30 20:17:23][info] 切断数据库连接
[2020-11-30 20:17:23][info] 程序成功关闭
[2020-11-30 20:17:35][info] 数据库连接成功
[2020-11-30 20:17:35][info] service创建成功
[2020-11-30 20:17:35][info] 程序成功启动
[2020-11-30 20:17:40][info] 用户[1]登录成功
[2020-11-30 20:18:19][info] 数据库连接成功
[2020-11-30 20:18:19][info] service创建成功
[2020-11-30 20:18:19][info] 程序成功启动
[2020-11-30 20:18:26][info] 切断数据库连接
[2020-11-30 20:18:26][info] 程序成功关闭
[2020-11-30 20:32:12][info] 数据库连接成功
[2020-11-30 20:32:12][info] service创建成功
[2020-11-30 20:32:12][info] 程序成功启动
[2020-11-30 20:32:15][info] 用户[1]登录成功
[2020-11-30 20:32:43][info] 数据库连接成功
[2020-11-30 20:32:43][info] service创建成功
[2020-11-30 20:32:43][info] 程序成功启动
[2020-11-30 20:33:58][info] 用户[1]登录成功
[2020-11-30 20:34:07][info] 用户[1]成绩上传成功
[2020-11-30 20:34:07][info] 用户[1]登出成功
[2020-11-30 20:34:10][info] 切断数据库连接
[2020-11-30 20:34:10][info] 程序成功关闭
[2020-11-30 23:08:31][info] 数据库连接成功
[2020-11-30 23:08:31][info] service创建成功
[2020-11-30 23:08:31][info] 程序成功启动
[2020-11-30 23:08:34][info] 用户[1]登录成功
[2020-11-30 23:08:38][info] 用户[1]成绩上传成功
[2020-11-30 23:08:38][info] 用户[1]登出成功
[2020-11-30 23:08:38][info] 切断数据库连接
[2020-11-30 23:08:38][info] 程序成功关闭
[2020-11-30 23:21:23][info] 数据库连接成功
[2020-11-30 23:21:23][info] service创建成功
[2020-11-30 23:21:23][info] 程序成功启动
[2020-11-30 23:21:31][info] 用户[admin]登录成功
[2020-11-30 23:24:02][info] 用户[admin]成绩上传成功
[2020-11-30 23:24:02][info] 用户[admin]登出成功
[2020-11-30 23:24:07][info] 用户[1]登录成功
[2020-11-30 23:30:29][info] 数据库连接成功
[2020-11-30 23:30:29][info] service创建成功
[2020-11-30 23:30:29][info] 程序成功启动
[2020-11-30 23:30:30][info] 用户[1]登录成功
[2020-11-30 23:31:57][info] 用户[1]成绩上传成功
[2020-11-30 23:31:57][info] 用户[1]登出成功
[2020-11-30 23:32:01][info] 切断数据库连接
[2020-11-30 23:32:01][info] 程序成功关闭
