[2020-12-01 10:59:47][info] 数据库连接成功
[2020-12-01 10:59:47][info] service创建成功
[2020-12-01 10:59:47][info] 程序成功启动
[2020-12-01 10:59:50][info] 用户[1]登录成功
[2020-12-01 11:02:01][info] 数据库连接成功
[2020-12-01 11:02:01][info] service创建成功
[2020-12-01 11:02:01][info] 程序成功启动
[2020-12-01 11:02:04][info] 用户[1]登录成功
[2020-12-01 11:02:20][info] 用户[1]成绩上传成功
[2020-12-01 11:02:20][info] 用户[1]登出成功
[2020-12-01 11:02:20][info] 切断数据库连接
[2020-12-01 11:02:20][info] 程序成功关闭
[2020-12-01 11:02:57][info] 数据库连接成功
[2020-12-01 11:02:57][info] service创建成功
[2020-12-01 11:02:57][info] 程序成功启动
[2020-12-01 11:03:01][info] 用户[1]登录成功
[2020-12-01 11:08:27][info] 数据库连接成功
[2020-12-01 11:08:27][info] service创建成功
[2020-12-01 11:08:27][info] 程序成功启动
[2020-12-01 11:08:29][info] 用户[1]登录成功
[2020-12-01 11:12:49][info] 数据库连接成功
[2020-12-01 11:12:49][info] service创建成功
[2020-12-01 11:12:49][info] 程序成功启动
[2020-12-01 11:12:52][info] 用户[1]登录成功
[2020-12-01 11:14:38][info] 数据库连接成功
[2020-12-01 11:14:38][info] service创建成功
[2020-12-01 11:14:38][info] 程序成功启动
[2020-12-01 11:14:44][info] 用户[1]登录成功
[2020-12-01 11:18:16][info] 用户[1]成绩上传成功
[2020-12-01 11:18:16][info] 用户[1]登出成功
[2020-12-01 11:18:16][info] 切断数据库连接
[2020-12-01 11:18:16][info] 程序成功关闭
[2020-12-01 11:37:46][info] 数据库连接成功
[2020-12-01 11:37:46][info] service创建成功
[2020-12-01 11:37:46][info] 程序成功启动
[2020-12-01 11:37:48][info] 用户[1]登录成功
[2020-12-01 11:38:12][info] 数据库连接成功
[2020-12-01 11:38:12][info] service创建成功
[2020-12-01 11:38:12][info] 程序成功启动
[2020-12-01 11:38:17][info] 用户[1]登录成功
[2020-12-01 11:39:24][info] 数据库连接成功
[2020-12-01 11:39:24][info] service创建成功
[2020-12-01 11:39:24][info] 程序成功启动
[2020-12-01 11:39:28][info] 用户[1]登录成功
[2020-12-01 11:42:33][info] 数据库连接成功
[2020-12-01 11:42:33][info] service创建成功
[2020-12-01 11:42:33][info] 程序成功启动
[2020-12-01 11:42:36][info] 用户[1]登录成功
[2020-12-01 11:43:14][info] 数据库连接成功
[2020-12-01 11:43:14][info] service创建成功
[2020-12-01 11:43:14][info] 程序成功启动
[2020-12-01 11:43:17][info] 用户[1]登录成功
[2020-12-01 18:50:45][info] 数据库连接成功
[2020-12-01 18:50:45][info] service创建成功
[2020-12-01 18:50:45][info] 程序成功启动
[2020-12-01 18:50:46][info] 切断数据库连接
[2020-12-01 18:50:46][info] 程序成功关闭
[2020-12-01 18:51:25][info] 数据库连接成功
[2020-12-01 18:51:25][info] service创建成功
[2020-12-01 18:51:25][info] 程序成功启动
[2020-12-01 18:51:27][info] 用户[1]登录成功
[2020-12-01 18:52:20][info] 数据库连接成功
[2020-12-01 18:52:20][info] service创建成功
[2020-12-01 18:52:20][info] 程序成功启动
[2020-12-01 18:52:22][info] 用户[1]登录成功
[2020-12-01 18:53:14][info] 数据库连接成功
[2020-12-01 18:53:14][info] service创建成功
[2020-12-01 18:53:14][info] 程序成功启动
[2020-12-01 18:53:16][info] 用户[1]登录成功
[2020-12-01 18:57:30][info] 数据库连接成功
[2020-12-01 18:57:30][info] service创建成功
[2020-12-01 18:57:30][info] 程序成功启动
[2020-12-01 18:57:32][info] 用户[1]登录成功
[2020-12-01 18:58:10][info] 数据库连接成功
[2020-12-01 18:58:10][info] service创建成功
[2020-12-01 18:58:10][info] 程序成功启动
[2020-12-01 18:58:13][info] 用户[1]登录成功
[2020-12-01 19:06:19][info] 数据库连接成功
[2020-12-01 19:06:19][info] service创建成功
[2020-12-01 19:06:19][info] 程序成功启动
[2020-12-01 19:06:21][info] 切断数据库连接
[2020-12-01 19:06:21][info] 程序成功关闭
[2020-12-01 19:06:53][info] 数据库连接成功
[2020-12-01 19:06:53][info] service创建成功
[2020-12-01 19:06:53][info] 程序成功启动
[2020-12-01 19:06:56][info] 用户[1]登录成功
[2020-12-01 19:14:33][info] 数据库连接成功
[2020-12-01 19:14:33][info] service创建成功
[2020-12-01 19:14:33][info] 程序成功启动
[2020-12-01 19:14:40][info] 用户[1]登录成功
[2020-12-01 19:15:04][info] 数据库连接成功
[2020-12-01 19:15:05][info] service创建成功
[2020-12-01 19:15:05][info] 程序成功启动
[2020-12-01 19:15:07][info] 用户[1]登录成功
[2020-12-01 19:21:52][info] 数据库连接成功
[2020-12-01 19:21:52][info] service创建成功
[2020-12-01 19:21:52][info] 程序成功启动
[2020-12-01 19:22:00][info] 用户[1]登录成功
[2020-12-01 19:22:21][info] 数据库连接成功
[2020-12-01 19:22:21][info] service创建成功
[2020-12-01 19:22:21][info] 程序成功启动
[2020-12-01 19:22:24][info] 用户[1]登录成功
[2020-12-01 19:29:45][info] 数据库连接成功
[2020-12-01 19:29:45][info] service创建成功
[2020-12-01 19:29:45][info] 程序成功启动
[2020-12-01 19:29:48][info] 用户[1]登录成功
[2020-12-01 20:24:37][info] 数据库连接成功
[2020-12-01 20:24:37][info] service创建成功
[2020-12-01 20:24:37][info] 程序成功启动
[2020-12-01 20:24:40][info] 用户[1]登录成功
[2020-12-01 20:26:22][info] 数据库连接成功
[2020-12-01 20:26:22][info] service创建成功
[2020-12-01 20:26:22][info] 程序成功启动
[2020-12-01 20:26:24][info] 用户[1]登录成功
[2020-12-01 20:28:15][info] 数据库连接成功
[2020-12-01 20:28:15][info] service创建成功
[2020-12-01 20:28:15][info] 程序成功启动
[2020-12-01 20:28:18][info] 用户[1]登录成功
[2020-12-01 20:30:34][info] 数据库连接成功
[2020-12-01 20:30:34][info] service创建成功
[2020-12-01 20:30:34][info] 程序成功启动
[2020-12-01 20:30:44][info] 数据库连接成功
[2020-12-01 20:30:45][info] service创建成功
[2020-12-01 20:30:45][info] 程序成功启动
[2020-12-01 20:30:49][info] 用户[1]登录成功
[2020-12-01 20:33:34][info] 数据库连接成功
[2020-12-01 20:33:34][info] service创建成功
[2020-12-01 20:33:34][info] 程序成功启动
[2020-12-01 20:33:36][info] 用户[1]登录成功
[2020-12-01 20:36:03][info] 数据库连接成功
[2020-12-01 20:36:03][info] service创建成功
[2020-12-01 20:36:03][info] 程序成功启动
[2020-12-01 20:36:39][info] 数据库连接成功
[2020-12-01 20:36:39][info] service创建成功
[2020-12-01 20:36:39][info] 程序成功启动
[2020-12-01 20:36:42][info] 用户[1]登录成功
[2020-12-01 20:37:46][info] 添加单选题成功
[2020-12-01 20:38:11][info] 添加多选题成功
[2020-12-01 20:40:39][info] 数据库连接成功
[2020-12-01 20:40:39][info] service创建成功
[2020-12-01 20:40:39][info] 程序成功启动
[2020-12-01 20:40:42][info] 用户[1]登录成功
[2020-12-01 20:41:27][info] 数据库连接成功
[2020-12-01 20:41:27][info] service创建成功
[2020-12-01 20:41:27][info] 程序成功启动
[2020-12-01 20:41:29][info] 用户[1]登录成功
[2020-12-01 20:41:43][info] 添加单选题成功
[2020-12-01 20:42:18][info] 添加多选题成功
[2020-12-01 20:44:04][info] 数据库连接成功
[2020-12-01 20:44:04][info] service创建成功
[2020-12-01 20:44:04][info] 程序成功启动
[2020-12-01 20:44:07][info] 用户[1]登录成功
[2020-12-01 20:44:22][info] 添加多选题成功
[2020-12-01 20:51:02][info] 添加多选题成功
[2020-12-01 20:51:23][info] 添加单选题成功
[2020-12-01 20:53:15][info] 数据库连接成功
[2020-12-01 20:53:15][info] service创建成功
[2020-12-01 20:53:15][info] 程序成功启动
[2020-12-01 20:53:18][info] 用户[1]登录成功
[2020-12-01 20:53:39][info] 数据库连接成功
[2020-12-01 20:53:39][info] service创建成功
[2020-12-01 20:53:39][info] 程序成功启动
[2020-12-01 20:53:41][info] 用户[1]登录成功
[2020-12-01 20:55:10][info] 数据库连接成功
[2020-12-01 20:55:10][info] service创建成功
[2020-12-01 20:55:10][info] 程序成功启动
[2020-12-01 20:55:15][info] 用户[1]登录成功
[2020-12-01 20:55:16][info] 用户[1]成绩上传成功
[2020-12-01 20:55:16][info] 用户[1]登出成功
[2020-12-01 20:55:16][info] 切断数据库连接
[2020-12-01 20:55:16][info] 程序成功关闭
[2020-12-01 20:55:27][info] 数据库连接成功
[2020-12-01 20:55:27][info] service创建成功
[2020-12-01 20:55:27][info] 程序成功启动
[2020-12-01 20:55:29][info] 用户[1]登录成功
[2020-12-01 20:56:23][info] 数据库连接成功
[2020-12-01 20:56:23][info] service创建成功
[2020-12-01 20:56:23][info] 程序成功启动
[2020-12-01 20:56:26][info] 用户[1]登录成功
[2020-12-01 20:58:20][info] 数据库连接成功
[2020-12-01 20:58:20][info] service创建成功
[2020-12-01 20:58:20][info] 程序成功启动
[2020-12-01 21:00:53][info] 数据库连接成功
[2020-12-01 21:00:53][info] service创建成功
[2020-12-01 21:00:53][info] 程序成功启动
[2020-12-01 21:00:56][info] 用户[1]登录成功
[2020-12-01 21:01:15][info] 添加单选题成功
[2020-12-01 21:01:15][warn] 添加单选题时出现异常
[2020-12-01 21:02:19][info] 添加单选题成功
[2020-12-01 21:02:19][warn] 添加单选题时出现异常
[2020-12-01 21:02:34][info] 添加多选题成功
[2020-12-01 21:02:34][warn] 添加多选题时出现异常
[2020-12-01 21:03:49][info] 数据库连接成功
[2020-12-01 21:03:49][info] service创建成功
[2020-12-01 21:03:49][info] 程序成功启动
[2020-12-01 21:03:51][info] 用户[1]登录成功
[2020-12-01 21:04:01][info] 添加单选题成功
[2020-12-01 21:04:01][warn] 添加单选题时出现异常
[2020-12-01 21:14:07][info] 数据库连接成功
[2020-12-01 21:14:07][info] service创建成功
[2020-12-01 21:14:07][info] 程序成功启动
[2020-12-01 21:14:10][info] 用户[1]登录成功
[2020-12-01 21:14:22][info] 添加单选题成功
[2020-12-01 21:14:22][info] 添加单选题成功
[2020-12-01 21:16:36][info] 数据库连接成功
[2020-12-01 21:16:36][info] service创建成功
[2020-12-01 21:16:36][info] 程序成功启动
[2020-12-01 21:16:42][info] 用户[1]登录成功
[2020-12-01 21:16:52][info] 添加单选题成功
[2020-12-01 21:16:52][info] 添加单选题成功
[2020-12-01 21:42:31][info] 用户[1]成绩上传成功
[2020-12-01 21:42:31][info] 用户[1]登出成功
[2020-12-01 21:42:31][info] 切断数据库连接
[2020-12-01 21:42:31][info] 程序成功关闭
