[2020-11-22 12:26:48][info] 数据库连接成功
[2020-11-22 12:26:48][info] service创建成功
[2020-11-22 12:26:48][info] 程序成功启动
[2020-11-22 12:26:50][info] 切断数据库连接
[2020-11-22 12:26:50][info] 程序成功关闭
[2020-11-22 12:27:39][info] 数据库连接成功
[2020-11-22 12:27:39][info] service创建成功
[2020-11-22 12:27:39][info] 程序成功启动
[2020-11-22 12:27:44][info] 切断数据库连接
[2020-11-22 12:27:44][info] 程序成功关闭
[2020-11-22 12:28:04][info] 数据库连接成功
[2020-11-22 12:28:04][info] service创建成功
[2020-11-22 12:28:04][info] 程序成功启动
[2020-11-22 12:28:06][info] 切断数据库连接
[2020-11-22 12:28:06][info] 程序成功关闭
[2020-11-22 12:29:07][info] 数据库连接成功
[2020-11-22 12:29:07][info] service创建成功
[2020-11-22 12:29:07][info] 程序成功启动
[2020-11-22 12:29:10][info] 切断数据库连接
[2020-11-22 12:29:10][info] 程序成功关闭
[2020-11-22 12:31:00][info] 数据库连接成功
[2020-11-22 12:31:00][info] service创建成功
[2020-11-22 12:31:00][info] 程序成功启动
[2020-11-22 12:31:02][info] 切断数据库连接
[2020-11-22 12:31:02][info] 程序成功关闭
[2020-11-22 12:31:17][info] 数据库连接成功
[2020-11-22 12:31:17][info] service创建成功
[2020-11-22 12:31:17][info] 程序成功启动
[2020-11-22 12:31:27][info] 切断数据库连接
[2020-11-22 12:31:27][info] 程序成功关闭
[2020-11-22 12:32:04][info] 数据库连接成功
[2020-11-22 12:32:04][info] service创建成功
[2020-11-22 12:32:04][info] 程序成功启动
[2020-11-22 12:32:06][info] 切断数据库连接
[2020-11-22 12:32:06][info] 程序成功关闭
[2020-11-22 12:32:16][info] 数据库连接成功
[2020-11-22 12:32:16][info] service创建成功
[2020-11-22 12:32:16][info] 程序成功启动
[2020-11-22 12:32:18][info] 切断数据库连接
[2020-11-22 12:32:18][info] 程序成功关闭
[2020-11-22 12:33:03][info] 数据库连接成功
[2020-11-22 12:33:03][info] service创建成功
[2020-11-22 12:33:03][info] 程序成功启动
[2020-11-22 12:33:06][info] 切断数据库连接
[2020-11-22 12:33:06][info] 程序成功关闭
[2020-11-22 12:33:32][info] 数据库连接成功
[2020-11-22 12:33:32][info] service创建成功
[2020-11-22 12:33:32][info] 程序成功启动
[2020-11-22 12:33:34][info] 切断数据库连接
[2020-11-22 12:33:34][info] 程序成功关闭
[2020-11-22 12:33:49][info] 数据库连接成功
[2020-11-22 12:33:49][info] service创建成功
[2020-11-22 12:33:49][info] 程序成功启动
[2020-11-22 12:34:18][info] 数据库连接成功
[2020-11-22 12:34:18][info] service创建成功
[2020-11-22 12:34:18][info] 程序成功启动
[2020-11-22 12:34:20][info] 切断数据库连接
[2020-11-22 12:34:20][info] 程序成功关闭
[2020-11-22 12:34:32][info] 数据库连接成功
[2020-11-22 12:34:32][info] service创建成功
[2020-11-22 12:34:32][info] 程序成功启动
[2020-11-22 12:37:48][info] 切断数据库连接
[2020-11-22 12:37:48][info] 程序成功关闭
[2020-11-22 12:38:19][info] 数据库连接成功
[2020-11-22 12:38:19][info] service创建成功
[2020-11-22 12:38:19][info] 程序成功启动
[2020-11-22 12:42:59][info] 切断数据库连接
[2020-11-22 12:42:59][info] 程序成功关闭
[2020-11-22 12:43:14][info] 数据库连接成功
[2020-11-22 12:43:14][info] service创建成功
[2020-11-22 12:43:14][info] 程序成功启动
[2020-11-22 12:44:33][info] 切断数据库连接
[2020-11-22 12:44:33][info] 程序成功关闭
[2020-11-22 12:44:42][info] 数据库连接成功
[2020-11-22 12:44:42][info] service创建成功
[2020-11-22 12:44:42][info] 程序成功启动
[2020-11-22 12:45:01][info] 切断数据库连接
[2020-11-22 12:45:01][info] 程序成功关闭
[2020-11-22 12:55:58][info] 数据库连接成功
[2020-11-22 12:55:58][info] service创建成功
[2020-11-22 12:55:58][info] 程序成功启动
[2020-11-22 12:56:02][info] 用户[1]登录成功
[2020-11-22 12:56:49][info] 成绩上传成功
[2020-11-22 12:56:49][info] 切断数据库连接
[2020-11-22 12:56:49][info] 程序成功关闭
[2020-11-22 13:03:15][info] 数据库连接成功
[2020-11-22 13:03:15][info] service创建成功
[2020-11-22 13:03:15][info] 程序成功启动
[2020-11-22 13:03:17][info] 切断数据库连接
[2020-11-22 13:03:17][info] 程序成功关闭
[2020-11-22 13:09:24][info] 数据库连接成功
[2020-11-22 13:09:24][info] service创建成功
[2020-11-22 13:09:24][info] 程序成功启动
[2020-11-22 13:09:28][info] 用户[1]登录成功
[2020-11-22 13:14:45][info] 数据库连接成功
[2020-11-22 13:14:45][info] service创建成功
[2020-11-22 13:14:45][info] 程序成功启动
[2020-11-22 13:14:48][info] 用户[1]登录成功
[2020-11-22 13:15:37][info] 成绩上传成功
[2020-11-22 13:15:37][info] 切断数据库连接
[2020-11-22 13:15:37][info] 程序成功关闭
[2020-11-22 13:16:00][info] 数据库连接成功
[2020-11-22 13:16:00][info] service创建成功
[2020-11-22 13:16:00][info] 程序成功启动
[2020-11-22 13:16:03][info] 用户[1]登录成功
[2020-11-22 13:18:19][info] 数据库连接成功
[2020-11-22 13:18:19][info] service创建成功
[2020-11-22 13:18:19][info] 程序成功启动
[2020-11-22 13:18:23][info] 用户[1]登录成功
[2020-11-22 13:19:35][info] 数据库连接成功
[2020-11-22 13:19:35][info] service创建成功
[2020-11-22 13:19:35][info] 程序成功启动
[2020-11-22 13:19:38][info] 用户[1]登录成功
[2020-11-22 13:21:02][info] 数据库连接成功
[2020-11-22 13:21:02][info] service创建成功
[2020-11-22 13:21:02][info] 程序成功启动
[2020-11-22 13:21:05][info] 用户[1]登录成功
[2020-11-22 13:22:02][info] 成绩上传成功
[2020-11-22 13:22:02][info] 切断数据库连接
[2020-11-22 13:22:02][info] 程序成功关闭
[2020-11-22 13:29:24][info] 数据库连接成功
[2020-11-22 13:29:24][info] service创建成功
[2020-11-22 13:29:24][info] 程序成功启动
[2020-11-22 13:29:28][info] 用户[1]登录成功
[2020-11-22 13:29:49][info] 成绩上传成功
[2020-11-22 13:29:49][info] 切断数据库连接
[2020-11-22 13:29:49][info] 程序成功关闭
[2020-11-22 13:31:18][info] 数据库连接成功
[2020-11-22 13:31:18][info] service创建成功
[2020-11-22 13:31:18][info] 程序成功启动
[2020-11-22 13:31:22][info] 用户[1]登录成功
[2020-11-22 13:34:07][info] 成绩上传成功
[2020-11-22 13:34:07][info] 切断数据库连接
[2020-11-22 13:34:07][info] 程序成功关闭
[2020-11-22 13:35:03][info] 数据库连接成功
[2020-11-22 13:35:03][info] service创建成功
[2020-11-22 13:35:03][info] 程序成功启动
[2020-11-22 13:35:16][info] 用户[1]登录成功
[2020-11-22 13:35:26][info] 成绩上传成功
[2020-11-22 13:35:26][info] 切断数据库连接
[2020-11-22 13:35:26][info] 程序成功关闭
[2020-11-22 13:40:15][info] 数据库连接成功
[2020-11-22 13:40:15][info] service创建成功
[2020-11-22 13:40:15][info] 程序成功启动
[2020-11-22 13:40:17][info] 切断数据库连接
[2020-11-22 13:40:17][info] 程序成功关闭
[2020-11-22 13:40:27][info] 数据库连接成功
[2020-11-22 13:40:27][info] service创建成功
[2020-11-22 13:40:27][info] 程序成功启动
[2020-11-22 13:40:30][info] 切断数据库连接
[2020-11-22 13:40:30][info] 程序成功关闭
[2020-11-22 20:10:21][info] 数据库连接成功
[2020-11-22 20:10:21][info] service创建成功
[2020-11-22 20:10:21][info] 程序成功启动
[2020-11-22 20:10:23][info] 用户[1]登录成功
[2020-11-22 20:11:10][info] 数据库连接成功
[2020-11-22 20:11:10][info] service创建成功
[2020-11-22 20:11:10][info] 程序成功启动
[2020-11-22 20:11:15][info] 用户[1]登录成功
[2020-11-22 20:14:13][info] 数据库连接成功
[2020-11-22 20:14:13][info] service创建成功
[2020-11-22 20:14:13][info] 程序成功启动
[2020-11-22 20:14:16][info] 用户[1]登录成功
[2020-11-22 20:15:20][info] 数据库连接成功
[2020-11-22 20:15:20][info] service创建成功
[2020-11-22 20:15:20][info] 程序成功启动
[2020-11-22 20:15:23][info] 用户[1]登录成功
[2020-11-22 20:18:00][info] 数据库连接成功
[2020-11-22 20:18:00][info] service创建成功
[2020-11-22 20:18:00][info] 程序成功启动
[2020-11-22 20:18:03][info] 用户[1]登录成功
[2020-11-22 20:18:43][info] 成绩上传成功
[2020-11-22 20:18:43][info] 切断数据库连接
[2020-11-22 20:18:43][info] 程序成功关闭
[2020-11-22 20:19:14][info] 数据库连接成功
[2020-11-22 20:19:14][info] service创建成功
[2020-11-22 20:19:14][info] 程序成功启动
[2020-11-22 20:19:16][info] 用户[1]登录成功
[2020-11-22 20:19:43][info] 数据库连接成功
[2020-11-22 20:19:43][info] service创建成功
[2020-11-22 20:19:43][info] 程序成功启动
[2020-11-22 20:19:46][info] 用户[1]登录成功
[2020-11-22 20:20:24][info] 数据库连接成功
[2020-11-22 20:20:24][info] service创建成功
[2020-11-22 20:20:24][info] 程序成功启动
[2020-11-22 20:20:29][info] 用户[1]登录成功
[2020-11-22 20:21:02][info] 数据库连接成功
[2020-11-22 20:21:02][info] service创建成功
[2020-11-22 20:21:02][info] 程序成功启动
[2020-11-22 20:21:04][info] 用户[1]登录成功
[2020-11-22 20:22:18][info] 数据库连接成功
[2020-11-22 20:22:18][info] service创建成功
[2020-11-22 20:22:18][info] 程序成功启动
[2020-11-22 20:22:21][info] 用户[1]登录成功
[2020-11-22 20:33:17][info] 数据库连接成功
[2020-11-22 20:33:17][info] service创建成功
[2020-11-22 20:33:17][info] 程序成功启动
[2020-11-22 20:33:21][info] 用户[1]登录成功
[2020-11-22 20:34:04][info] 数据库连接成功
[2020-11-22 20:34:04][info] service创建成功
[2020-11-22 20:34:04][info] 程序成功启动
[2020-11-22 20:34:06][info] 用户[1]登录成功
[2020-11-22 20:37:04][info] 数据库连接成功
[2020-11-22 20:37:04][info] service创建成功
[2020-11-22 20:37:04][info] 程序成功启动
[2020-11-22 20:37:07][info] 用户[1]登录成功
[2020-11-22 20:39:21][info] 数据库连接成功
[2020-11-22 20:39:21][info] service创建成功
[2020-11-22 20:39:21][info] 程序成功启动
[2020-11-22 20:39:25][info] 用户[1]登录成功
[2020-11-22 20:39:35][info] 成绩上传成功
[2020-11-22 20:39:35][info] 切断数据库连接
[2020-11-22 20:39:35][info] 程序成功关闭
[2020-11-22 20:39:39][info] 数据库连接成功
[2020-11-22 20:39:39][info] service创建成功
[2020-11-22 20:39:39][info] 程序成功启动
[2020-11-22 20:40:17][info] 用户[吉吉]登录成功
[2020-11-22 20:40:57][info] 数据库连接成功
[2020-11-22 20:40:57][info] service创建成功
[2020-11-22 20:40:57][info] 程序成功启动
[2020-11-22 20:41:05][info] 用户[吉吉]登录成功
[2020-11-22 20:43:24][info] 数据库连接成功
[2020-11-22 20:43:24][info] service创建成功
[2020-11-22 20:43:24][info] 程序成功启动
[2020-11-22 20:43:33][info] 用户[吉吉]登录成功
[2020-11-22 20:45:04][info] 数据库连接成功
[2020-11-22 20:45:04][info] service创建成功
[2020-11-22 20:45:04][info] 程序成功启动
[2020-11-22 20:45:11][info] 用户[1]登录成功
[2020-11-22 20:45:18][info] 成绩上传成功
[2020-11-22 20:45:18][info] 切断数据库连接
[2020-11-22 20:45:18][info] 程序成功关闭
